2026-01-16 16:49:59 [error] : CustomAPIError: Invalid Credentials | POST /api/v1/auth/login
2026-01-16 16:54:59 [error] : CustomAPIError: Invalid Credentials | POST /api/v1/auth/login
2026-01-16 23:53:21 [error] : CustomAPIError: Invalid Credentials | POST /api/v1/auth/login
2026-01-16 23:53:23 [error] : CustomAPIError: Invalid Credentials | POST /api/v1/auth/login
2026-01-17 16:13:39 [error] : CustomAPIError: Invalid Credentials | POST /api/v1/auth/login
2026-01-17 16:13:40 [error] : CustomAPIError: Invalid Credentials | POST /api/v1/auth/login
2026-01-17 16:13:41 [error] : CustomAPIError: Invalid Credentials | POST /api/v1/auth/login
2026-01-17 16:13:41 [error] : CustomAPIError: Invalid Credentials | POST /api/v1/auth/login
2026-01-17 16:13:41 [error] : CustomAPIError: Invalid Credentials | POST /api/v1/auth/login
2026-01-17 16:13:42 [error] : CustomAPIError: Invalid Credentials | POST /api/v1/auth/login
2026-01-17 16:13:42 [error] : CustomAPIError: Invalid Credentials | POST /api/v1/auth/login
2026-01-17 16:24:05 [error] : CustomAPIError: Invalid Credentials | POST /api/v1/auth/login
2026-01-17 16:24:06 [error] : CustomAPIError: Invalid Credentials | POST /api/v1/auth/login
2026-01-17 19:31:56 [error] : CustomAPIError: Invalid Credentials | POST /api/v1/auth/login
2026-01-17 19:32:02 [error] : CustomAPIError: Invalid Credentials | POST /api/v1/auth/login
2026-01-18 15:31:08 [error] : CustomAPIError: Invalid CSR ID | GET /api/v1/lead/csr
2026-01-18 15:31:09 [error] : CustomAPIError: Invalid CSR ID | GET /api/v1/lead/csr
2026-01-18 16:00:19 [error] : CustomAPIError: Invalid Credentials | POST /api/v1/auth/login
2026-01-18 16:00:22 [error] : CustomAPIError: Invalid Credentials | POST /api/v1/auth/login
2026-01-18 16:54:09 [error] : CustomAPIError: Invalid Credentials | POST /api/v1/auth/login
2026-01-18 16:54:10 [error] : CustomAPIError: Invalid Credentials | POST /api/v1/auth/login
2026-01-18 16:54:11 [error] : CustomAPIError: Invalid Credentials | POST /api/v1/auth/login
2026-01-19 01:26:29 [error] : Path `createdBy` is required. | POST /api/v1/lead/create-leads | Stack: ValidationError: Leads validation failed: createdBy: Path `createdBy` is required.
    at Document.invalidate (D:\Web Development Course\LMS\leads-management-system-node\node_modules\mongoose\lib\document.js:3370:32)
    at validatePath (D:\Web Development Course\LMS\leads-management-system-node\node_modules\mongoose\lib\document.js:3145:13)
    at process.processTicksAndRejections (node:internal/process/task_queues:105:5)
    at async Promise.all (index 0)
    at async model.$__validate (D:\Web Development Course\LMS\leads-management-system-node\node_modules\mongoose\lib\document.js:3086:3)
    at async model.validate (D:\Web Development Course\LMS\leads-management-system-node\node_modules\mongoose\lib\document.js:2663:5)
    at async model.validateBeforeSave (D:\Web Development Course\LMS\leads-management-system-node\node_modules\mongoose\lib\plugins\validateBeforeSave.js:34:7)
    at async Kareem.execPre (D:\Web Development Course\LMS\leads-management-system-node\node_modules\kareem\index.js:65:24)
    at async model.$__save (D:\Web Development Course\LMS\leads-management-system-node\node_modules\mongoose\lib\model.js:369:5)
    at async model.save (D:\Web Development Course\LMS\leads-management-system-node\node_modules\mongoose\lib\model.js:609:5)
2026-01-19 01:26:34 [error] : Path `createdBy` is required. | POST /api/v1/lead/create-leads | Stack: ValidationError: Leads validation failed: createdBy: Path `createdBy` is required.
    at Document.invalidate (D:\Web Development Course\LMS\leads-management-system-node\node_modules\mongoose\lib\document.js:3370:32)
    at validatePath (D:\Web Development Course\LMS\leads-management-system-node\node_modules\mongoose\lib\document.js:3145:13)
    at process.processTicksAndRejections (node:internal/process/task_queues:105:5)
    at async Promise.all (index 0)
    at async model.$__validate (D:\Web Development Course\LMS\leads-management-system-node\node_modules\mongoose\lib\document.js:3086:3)
    at async model.validate (D:\Web Development Course\LMS\leads-management-system-node\node_modules\mongoose\lib\document.js:2663:5)
    at async model.validateBeforeSave (D:\Web Development Course\LMS\leads-management-system-node\node_modules\mongoose\lib\plugins\validateBeforeSave.js:34:7)
    at async Kareem.execPre (D:\Web Development Course\LMS\leads-management-system-node\node_modules\kareem\index.js:65:24)
    at async model.$__save (D:\Web Development Course\LMS\leads-management-system-node\node_modules\mongoose\lib\model.js:369:5)
    at async model.save (D:\Web Development Course\LMS\leads-management-system-node\node_modules\mongoose\lib\model.js:609:5)
2026-01-19 01:29:32 [error] : Path `createdBy` is required. | POST /api/v1/lead/create-leads | Stack: ValidationError: Leads validation failed: createdBy: Path `createdBy` is required.
    at Document.invalidate (D:\Web Development Course\LMS\leads-management-system-node\node_modules\mongoose\lib\document.js:3370:32)
    at validatePath (D:\Web Development Course\LMS\leads-management-system-node\node_modules\mongoose\lib\document.js:3145:13)
    at process.processTicksAndRejections (node:internal/process/task_queues:105:5)
    at async Promise.all (index 0)
    at async model.$__validate (D:\Web Development Course\LMS\leads-management-system-node\node_modules\mongoose\lib\document.js:3086:3)
    at async model.validate (D:\Web Development Course\LMS\leads-management-system-node\node_modules\mongoose\lib\document.js:2663:5)
    at async model.validateBeforeSave (D:\Web Development Course\LMS\leads-management-system-node\node_modules\mongoose\lib\plugins\validateBeforeSave.js:34:7)
    at async Kareem.execPre (D:\Web Development Course\LMS\leads-management-system-node\node_modules\kareem\index.js:65:24)
    at async model.$__save (D:\Web Development Course\LMS\leads-management-system-node\node_modules\mongoose\lib\model.js:369:5)
    at async model.save (D:\Web Development Course\LMS\leads-management-system-node\node_modules\mongoose\lib\model.js:609:5)
2026-01-19 01:37:40 [error] : Path `createdBy` is required. | POST /api/v1/lead/create-leads | Stack: ValidationError: Leads validation failed: createdBy: Path `createdBy` is required.
    at Document.invalidate (D:\Web Development Course\LMS\leads-management-system-node\node_modules\mongoose\lib\document.js:3370:32)
    at validatePath (D:\Web Development Course\LMS\leads-management-system-node\node_modules\mongoose\lib\document.js:3145:13)
    at process.processTicksAndRejections (node:internal/process/task_queues:105:5)
    at async Promise.all (index 0)
    at async model.$__validate (D:\Web Development Course\LMS\leads-management-system-node\node_modules\mongoose\lib\document.js:3086:3)
    at async model.validate (D:\Web Development Course\LMS\leads-management-system-node\node_modules\mongoose\lib\document.js:2663:5)
    at async model.validateBeforeSave (D:\Web Development Course\LMS\leads-management-system-node\node_modules\mongoose\lib\plugins\validateBeforeSave.js:34:7)
    at async Kareem.execPre (D:\Web Development Course\LMS\leads-management-system-node\node_modules\kareem\index.js:65:24)
    at async model.$__save (D:\Web Development Course\LMS\leads-management-system-node\node_modules\mongoose\lib\model.js:369:5)
    at async model.save (D:\Web Development Course\LMS\leads-management-system-node\node_modules\mongoose\lib\model.js:609:5)
2026-01-19 01:45:37 [error] : Path `createdBy` is required., Path `phone` (`222222222`, length 9) is shorter than the minimum allowed length (11). | POST /api/v1/lead/create-leads | Stack: ValidationError: Leads validation failed: createdBy: Path `createdBy` is required., phone: Path `phone` (`222222222`, length 9) is shorter than the minimum allowed length (11).
    at Document.invalidate (D:\Web Development Course\LMS\leads-management-system-node\node_modules\mongoose\lib\document.js:3370:32)
    at validatePath (D:\Web Development Course\LMS\leads-management-system-node\node_modules\mongoose\lib\document.js:3145:13)
    at process.processTicksAndRejections (node:internal/process/task_queues:105:5)
    at async Promise.all (index 0)
    at async model.$__validate (D:\Web Development Course\LMS\leads-management-system-node\node_modules\mongoose\lib\document.js:3086:3)
    at async model.validate (D:\Web Development Course\LMS\leads-management-system-node\node_modules\mongoose\lib\document.js:2663:5)
    at async model.validateBeforeSave (D:\Web Development Course\LMS\leads-management-system-node\node_modules\mongoose\lib\plugins\validateBeforeSave.js:34:7)
    at async Kareem.execPre (D:\Web Development Course\LMS\leads-management-system-node\node_modules\kareem\index.js:65:24)
    at async model.$__save (D:\Web Development Course\LMS\leads-management-system-node\node_modules\mongoose\lib\model.js:369:5)
    at async model.save (D:\Web Development Course\LMS\leads-management-system-node\node_modules\mongoose\lib\model.js:609:5)
2026-01-19 01:54:24 [error] : Path `createdBy` is required. | POST /api/v1/lead/create-leads | Stack: ValidationError: Leads validation failed: createdBy: Path `createdBy` is required.
    at Document.invalidate (D:\Web Development Course\LMS\leads-management-system-node\node_modules\mongoose\lib\document.js:3370:32)
    at validatePath (D:\Web Development Course\LMS\leads-management-system-node\node_modules\mongoose\lib\document.js:3145:13)
    at process.processTicksAndRejections (node:internal/process/task_queues:105:5)
    at async Promise.all (index 0)
    at async model.$__validate (D:\Web Development Course\LMS\leads-management-system-node\node_modules\mongoose\lib\document.js:3086:3)
    at async model.validate (D:\Web Development Course\LMS\leads-management-system-node\node_modules\mongoose\lib\document.js:2663:5)
    at async model.validateBeforeSave (D:\Web Development Course\LMS\leads-management-system-node\node_modules\mongoose\lib\plugins\validateBeforeSave.js:34:7)
    at async Kareem.execPre (D:\Web Development Course\LMS\leads-management-system-node\node_modules\kareem\index.js:65:24)
    at async model.$__save (D:\Web Development Course\LMS\leads-management-system-node\node_modules\mongoose\lib\model.js:369:5)
    at async model.save (D:\Web Development Course\LMS\leads-management-system-node\node_modules\mongoose\lib\model.js:609:5)
2026-01-19 01:54:41 [error] : Path `createdBy` is required. | POST /api/v1/lead/create-leads | Stack: ValidationError: Leads validation failed: createdBy: Path `createdBy` is required.
    at Document.invalidate (D:\Web Development Course\LMS\leads-management-system-node\node_modules\mongoose\lib\document.js:3370:32)
    at validatePath (D:\Web Development Course\LMS\leads-management-system-node\node_modules\mongoose\lib\document.js:3145:13)
    at process.processTicksAndRejections (node:internal/process/task_queues:105:5)
    at async Promise.all (index 0)
    at async model.$__validate (D:\Web Development Course\LMS\leads-management-system-node\node_modules\mongoose\lib\document.js:3086:3)
    at async model.validate (D:\Web Development Course\LMS\leads-management-system-node\node_modules\mongoose\lib\document.js:2663:5)
    at async model.validateBeforeSave (D:\Web Development Course\LMS\leads-management-system-node\node_modules\mongoose\lib\plugins\validateBeforeSave.js:34:7)
    at async Kareem.execPre (D:\Web Development Course\LMS\leads-management-system-node\node_modules\kareem\index.js:65:24)
    at async model.$__save (D:\Web Development Course\LMS\leads-management-system-node\node_modules\mongoose\lib\model.js:369:5)
    at async model.save (D:\Web Development Course\LMS\leads-management-system-node\node_modules\mongoose\lib\model.js:609:5)
2026-01-19 02:23:53 [error] : Path `createdBy` is required. | POST /api/v1/lead/create-leads | Stack: ValidationError: Leads validation failed: createdBy: Path `createdBy` is required.
    at Document.invalidate (D:\Web Development Course\LMS\leads-management-system-node\node_modules\mongoose\lib\document.js:3370:32)
    at validatePath (D:\Web Development Course\LMS\leads-management-system-node\node_modules\mongoose\lib\document.js:3145:13)
    at process.processTicksAndRejections (node:internal/process/task_queues:105:5)
    at async Promise.all (index 0)
    at async model.$__validate (D:\Web Development Course\LMS\leads-management-system-node\node_modules\mongoose\lib\document.js:3086:3)
    at async model.validate (D:\Web Development Course\LMS\leads-management-system-node\node_modules\mongoose\lib\document.js:2663:5)
    at async model.validateBeforeSave (D:\Web Development Course\LMS\leads-management-system-node\node_modules\mongoose\lib\plugins\validateBeforeSave.js:34:7)
    at async Kareem.execPre (D:\Web Development Course\LMS\leads-management-system-node\node_modules\kareem\index.js:65:24)
    at async model.$__save (D:\Web Development Course\LMS\leads-management-system-node\node_modules\mongoose\lib\model.js:369:5)
    at async model.save (D:\Web Development Course\LMS\leads-management-system-node\node_modules\mongoose\lib\model.js:609:5)
2026-01-19 02:23:54 [error] : Path `createdBy` is required. | POST /api/v1/lead/create-leads | Stack: ValidationError: Leads validation failed: createdBy: Path `createdBy` is required.
    at Document.invalidate (D:\Web Development Course\LMS\leads-management-system-node\node_modules\mongoose\lib\document.js:3370:32)
    at validatePath (D:\Web Development Course\LMS\leads-management-system-node\node_modules\mongoose\lib\document.js:3145:13)
    at process.processTicksAndRejections (node:internal/process/task_queues:105:5)
    at async Promise.all (index 0)
    at async model.$__validate (D:\Web Development Course\LMS\leads-management-system-node\node_modules\mongoose\lib\document.js:3086:3)
    at async model.validate (D:\Web Development Course\LMS\leads-management-system-node\node_modules\mongoose\lib\document.js:2663:5)
    at async model.validateBeforeSave (D:\Web Development Course\LMS\leads-management-system-node\node_modules\mongoose\lib\plugins\validateBeforeSave.js:34:7)
    at async Kareem.execPre (D:\Web Development Course\LMS\leads-management-system-node\node_modules\kareem\index.js:65:24)
    at async model.$__save (D:\Web Development Course\LMS\leads-management-system-node\node_modules\mongoose\lib\model.js:369:5)
    at async model.save (D:\Web Development Course\LMS\leads-management-system-node\node_modules\mongoose\lib\model.js:609:5)
2026-01-19 05:02:52 [error] : CustomAPIError: Invalid Credentials | POST /api/v1/auth/login
2026-01-19 05:03:17 [error] : CustomAPIError: Invalid Credentials | POST /api/v1/auth/login
2026-01-19 05:03:17 [error] : CustomAPIError: Invalid Credentials | POST /api/v1/auth/login
2026-01-19 06:00:01 [error] : CustomAPIError: Only admin can create users | POST /api/v1/auth/register
2026-01-19 06:01:20 [error] : CustomAPIError: Invalid Credentials | POST /api/v1/auth/login
2026-01-19 06:01:22 [error] : CustomAPIError: Invalid Credentials | POST /api/v1/auth/login
2026-01-19 06:01:22 [error] : CustomAPIError: Invalid Credentials | POST /api/v1/auth/login
2026-01-19 06:01:43 [error] : CustomAPIError: Invalid Credentials | POST /api/v1/auth/login
2026-01-19 06:01:43 [error] : CustomAPIError: Invalid Credentials | POST /api/v1/auth/login
2026-01-19 06:03:06 [error] : CustomAPIError: Invalid Credentials | POST /api/v1/auth/login
2026-01-19 06:03:07 [error] : CustomAPIError: Invalid Credentials | POST /api/v1/auth/login
2026-01-19 06:03:07 [error] : CustomAPIError: Invalid Credentials | POST /api/v1/auth/login
2026-01-19 06:03:08 [error] : CustomAPIError: Invalid Credentials | POST /api/v1/auth/login
2026-01-19 06:03:08 [error] : CustomAPIError: Invalid Credentials | POST /api/v1/auth/login
2026-01-19 06:03:09 [error] : CustomAPIError: Invalid Credentials | POST /api/v1/auth/login
2026-01-19 06:04:37 [error] : CustomAPIError: Invalid Credentials | POST /api/v1/auth/login
2026-01-19 06:30:55 [error] : CustomAPIError: Only admin can create users | POST /api/v1/auth/register
2026-01-19 06:30:58 [error] : CustomAPIError: Only admin can create users | POST /api/v1/auth/register
2026-01-19 18:34:26 [error] : CustomAPIError: Invalid Credentials | POST /api/v1/auth/login
2026-01-20 21:18:52 [error] : Path `phone` (`2282828228`, length 10) is shorter than the minimum allowed length (11). | POST /api/v1/lead/upload-excel-array | Stack: ValidationError: Leads validation failed: phone: Path `phone` (`2282828228`, length 10) is shorter than the minimum allowed length (11).
    at Document.invalidate (D:\Web Development Course\LMS\leads-management-system-node\node_modules\mongoose\lib\document.js:3370:32)
    at validatePath (D:\Web Development Course\LMS\leads-management-system-node\node_modules\mongoose\lib\document.js:3145:13)
    at process.processTicksAndRejections (node:internal/process/task_queues:105:5)
    at async Promise.all (index 1)
    at async model.$__validate (D:\Web Development Course\LMS\leads-management-system-node\node_modules\mongoose\lib\document.js:3086:3)
    at async model.validate (D:\Web Development Course\LMS\leads-management-system-node\node_modules\mongoose\lib\document.js:2663:5)
2026-01-20 21:22:19 [error] : Path `phone` (`2282828228`, length 10) is shorter than the minimum allowed length (11). | POST /api/v1/lead/upload-excel-array | Stack: ValidationError: Leads validation failed: phone: Path `phone` (`2282828228`, length 10) is shorter than the minimum allowed length (11).
    at Document.invalidate (D:\Web Development Course\LMS\leads-management-system-node\node_modules\mongoose\lib\document.js:3370:32)
    at validatePath (D:\Web Development Course\LMS\leads-management-system-node\node_modules\mongoose\lib\document.js:3145:13)
    at process.processTicksAndRejections (node:internal/process/task_queues:105:5)
    at async Promise.all (index 1)
    at async model.$__validate (D:\Web Development Course\LMS\leads-management-system-node\node_modules\mongoose\lib\document.js:3086:3)
    at async model.validate (D:\Web Development Course\LMS\leads-management-system-node\node_modules\mongoose\lib\document.js:2663:5)
2026-01-20 21:22:21 [error] : Path `phone` (`2282828228`, length 10) is shorter than the minimum allowed length (11). | POST /api/v1/lead/upload-excel-array | Stack: ValidationError: Leads validation failed: phone: Path `phone` (`2282828228`, length 10) is shorter than the minimum allowed length (11).
    at Document.invalidate (D:\Web Development Course\LMS\leads-management-system-node\node_modules\mongoose\lib\document.js:3370:32)
    at validatePath (D:\Web Development Course\LMS\leads-management-system-node\node_modules\mongoose\lib\document.js:3145:13)
    at process.processTicksAndRejections (node:internal/process/task_queues:105:5)
    at async Promise.all (index 1)
    at async model.$__validate (D:\Web Development Course\LMS\leads-management-system-node\node_modules\mongoose\lib\document.js:3086:3)
    at async model.validate (D:\Web Development Course\LMS\leads-management-system-node\node_modules\mongoose\lib\document.js:2663:5)
2026-01-20 21:31:12 [error] : Path `phone` (`2282828228`, length 10) is shorter than the minimum allowed length (11). | POST /api/v1/lead/upload-excel-array | Stack: ValidationError: Leads validation failed: phone: Path `phone` (`2282828228`, length 10) is shorter than the minimum allowed length (11).
    at Document.invalidate (D:\Web Development Course\LMS\leads-management-system-node\node_modules\mongoose\lib\document.js:3370:32)
    at validatePath (D:\Web Development Course\LMS\leads-management-system-node\node_modules\mongoose\lib\document.js:3145:13)
    at process.processTicksAndRejections (node:internal/process/task_queues:105:5)
    at async Promise.all (index 1)
    at async model.$__validate (D:\Web Development Course\LMS\leads-management-system-node\node_modules\mongoose\lib\document.js:3086:3)
    at async model.validate (D:\Web Development Course\LMS\leads-management-system-node\node_modules\mongoose\lib\document.js:2663:5)
2026-01-20 21:43:12 [error] : Path `phone` (`2282828228`, length 10) is shorter than the minimum allowed length (11). | POST /api/v1/lead/upload-excel-array | Stack: ValidationError: Leads validation failed: phone: Path `phone` (`2282828228`, length 10) is shorter than the minimum allowed length (11).
    at Document.invalidate (D:\Web Development Course\LMS\leads-management-system-node\node_modules\mongoose\lib\document.js:3370:32)
    at validatePath (D:\Web Development Course\LMS\leads-management-system-node\node_modules\mongoose\lib\document.js:3145:13)
    at process.processTicksAndRejections (node:internal/process/task_queues:105:5)
    at async Promise.all (index 1)
    at async model.$__validate (D:\Web Development Course\LMS\leads-management-system-node\node_modules\mongoose\lib\document.js:3086:3)
    at async model.validate (D:\Web Development Course\LMS\leads-management-system-node\node_modules\mongoose\lib\document.js:2663:5)
2026-01-20 21:44:00 [error] : Path `phone` (`2282828228`, length 10) is shorter than the minimum allowed length (11). | POST /api/v1/lead/upload-excel-array | Stack: ValidationError: Leads validation failed: phone: Path `phone` (`2282828228`, length 10) is shorter than the minimum allowed length (11).
    at Document.invalidate (D:\Web Development Course\LMS\leads-management-system-node\node_modules\mongoose\lib\document.js:3370:32)
    at validatePath (D:\Web Development Course\LMS\leads-management-system-node\node_modules\mongoose\lib\document.js:3145:13)
    at process.processTicksAndRejections (node:internal/process/task_queues:105:5)
    at async Promise.all (index 1)
    at async model.$__validate (D:\Web Development Course\LMS\leads-management-system-node\node_modules\mongoose\lib\document.js:3086:3)
    at async model.validate (D:\Web Development Course\LMS\leads-management-system-node\node_modules\mongoose\lib\document.js:2663:5)
2026-01-20 21:48:43 [error] : Path `phone` (`2282828228`, length 10) is shorter than the minimum allowed length (11). | POST /api/v1/lead/upload-excel-array | Stack: ValidationError: Leads validation failed: phone: Path `phone` (`2282828228`, length 10) is shorter than the minimum allowed length (11).
    at Document.invalidate (D:\Web Development Course\LMS\leads-management-system-node\node_modules\mongoose\lib\document.js:3370:32)
    at validatePath (D:\Web Development Course\LMS\leads-management-system-node\node_modules\mongoose\lib\document.js:3145:13)
    at process.processTicksAndRejections (node:internal/process/task_queues:105:5)
    at async Promise.all (index 1)
    at async model.$__validate (D:\Web Development Course\LMS\leads-management-system-node\node_modules\mongoose\lib\document.js:3086:3)
    at async model.validate (D:\Web Development Course\LMS\leads-management-system-node\node_modules\mongoose\lib\document.js:2663:5)
2026-01-20 21:49:02 [error] : Path `phone` (`2282828228`, length 10) is shorter than the minimum allowed length (11). | POST /api/v1/lead/upload-excel-array | Stack: ValidationError: Leads validation failed: phone: Path `phone` (`2282828228`, length 10) is shorter than the minimum allowed length (11).
    at Document.invalidate (D:\Web Development Course\LMS\leads-management-system-node\node_modules\mongoose\lib\document.js:3370:32)
    at validatePath (D:\Web Development Course\LMS\leads-management-system-node\node_modules\mongoose\lib\document.js:3145:13)
    at process.processTicksAndRejections (node:internal/process/task_queues:105:5)
    at async Promise.all (index 1)
    at async model.$__validate (D:\Web Development Course\LMS\leads-management-system-node\node_modules\mongoose\lib\document.js:3086:3)
    at async model.validate (D:\Web Development Course\LMS\leads-management-system-node\node_modules\mongoose\lib\document.js:2663:5)
2026-01-20 21:51:33 [error] : Path `phone` (`2282828228`, length 10) is shorter than the minimum allowed length (11). | POST /api/v1/lead/upload-excel-array | Stack: ValidationError: Leads validation failed: phone: Path `phone` (`2282828228`, length 10) is shorter than the minimum allowed length (11).
    at Document.invalidate (D:\Web Development Course\LMS\leads-management-system-node\node_modules\mongoose\lib\document.js:3370:32)
    at validatePath (D:\Web Development Course\LMS\leads-management-system-node\node_modules\mongoose\lib\document.js:3145:13)
    at process.processTicksAndRejections (node:internal/process/task_queues:105:5)
    at async Promise.all (index 1)
    at async model.$__validate (D:\Web Development Course\LMS\leads-management-system-node\node_modules\mongoose\lib\document.js:3086:3)
    at async model.validate (D:\Web Development Course\LMS\leads-management-system-node\node_modules\mongoose\lib\document.js:2663:5)
2026-01-20 21:52:37 [error] : Path `phone` (`2282828228`, length 10) is shorter than the minimum allowed length (11). | POST /api/v1/lead/upload-excel-array | Stack: ValidationError: Leads validation failed: phone: Path `phone` (`2282828228`, length 10) is shorter than the minimum allowed length (11).
    at Document.invalidate (D:\Web Development Course\LMS\leads-management-system-node\node_modules\mongoose\lib\document.js:3370:32)
    at validatePath (D:\Web Development Course\LMS\leads-management-system-node\node_modules\mongoose\lib\document.js:3145:13)
    at process.processTicksAndRejections (node:internal/process/task_queues:105:5)
    at async Promise.all (index 1)
    at async model.$__validate (D:\Web Development Course\LMS\leads-management-system-node\node_modules\mongoose\lib\document.js:3086:3)
    at async model.validate (D:\Web Development Course\LMS\leads-management-system-node\node_modules\mongoose\lib\document.js:2663:5)
2026-01-20 21:59:25 [error] : Path `phone` (`2282828228`, length 10) is shorter than the minimum allowed length (11). | POST /api/v1/lead/upload-excel-array | Stack: ValidationError: Leads validation failed: phone: Path `phone` (`2282828228`, length 10) is shorter than the minimum allowed length (11).
    at Document.invalidate (D:\Web Development Course\LMS\leads-management-system-node\node_modules\mongoose\lib\document.js:3370:32)
    at validatePath (D:\Web Development Course\LMS\leads-management-system-node\node_modules\mongoose\lib\document.js:3145:13)
    at process.processTicksAndRejections (node:internal/process/task_queues:105:5)
    at async Promise.all (index 1)
    at async model.$__validate (D:\Web Development Course\LMS\leads-management-system-node\node_modules\mongoose\lib\document.js:3086:3)
    at async model.validate (D:\Web Development Course\LMS\leads-management-system-node\node_modules\mongoose\lib\document.js:2663:5)
2026-01-20 21:59:41 [error] : Path `phone` (`2282828228`, length 10) is shorter than the minimum allowed length (11). | POST /api/v1/lead/upload-excel-array | Stack: ValidationError: Leads validation failed: phone: Path `phone` (`2282828228`, length 10) is shorter than the minimum allowed length (11).
    at Document.invalidate (D:\Web Development Course\LMS\leads-management-system-node\node_modules\mongoose\lib\document.js:3370:32)
    at validatePath (D:\Web Development Course\LMS\leads-management-system-node\node_modules\mongoose\lib\document.js:3145:13)
    at process.processTicksAndRejections (node:internal/process/task_queues:105:5)
    at async Promise.all (index 1)
    at async model.$__validate (D:\Web Development Course\LMS\leads-management-system-node\node_modules\mongoose\lib\document.js:3086:3)
    at async model.validate (D:\Web Development Course\LMS\leads-management-system-node\node_modules\mongoose\lib\document.js:2663:5)
2026-01-20 22:02:46 [error] : Path `phone` (`2282828228`, length 10) is shorter than the minimum allowed length (11). | POST /api/v1/lead/upload-excel-array | Stack: ValidationError: Leads validation failed: phone: Path `phone` (`2282828228`, length 10) is shorter than the minimum allowed length (11).
    at Document.invalidate (D:\Web Development Course\LMS\leads-management-system-node\node_modules\mongoose\lib\document.js:3370:32)
    at validatePath (D:\Web Development Course\LMS\leads-management-system-node\node_modules\mongoose\lib\document.js:3145:13)
    at process.processTicksAndRejections (node:internal/process/task_queues:105:5)
    at async Promise.all (index 1)
    at async model.$__validate (D:\Web Development Course\LMS\leads-management-system-node\node_modules\mongoose\lib\document.js:3086:3)
    at async model.validate (D:\Web Development Course\LMS\leads-management-system-node\node_modules\mongoose\lib\document.js:2663:5)
2026-01-20 22:07:54 [error] : Path `phone` (`3001234567`, length 10) is shorter than the minimum allowed length (11). | POST /api/v1/lead/upload-excel-array | Stack: ValidationError: Leads validation failed: phone: Path `phone` (`3001234567`, length 10) is shorter than the minimum allowed length (11).
    at Document.invalidate (D:\Web Development Course\LMS\leads-management-system-node\node_modules\mongoose\lib\document.js:3370:32)
    at validatePath (D:\Web Development Course\LMS\leads-management-system-node\node_modules\mongoose\lib\document.js:3145:13)
    at process.processTicksAndRejections (node:internal/process/task_queues:105:5)
    at async Promise.all (index 1)
    at async model.$__validate (D:\Web Development Course\LMS\leads-management-system-node\node_modules\mongoose\lib\document.js:3086:3)
    at async model.validate (D:\Web Development Course\LMS\leads-management-system-node\node_modules\mongoose\lib\document.js:2663:5)
2026-01-20 22:32:34 [error] : Only Excel files are allowed! | POST /api/v1/lead/bulk-insert-excel | Stack: Error: Only Excel files are allowed!
    at fileFilter (D:\Web Development Course\LMS\leads-management-system-node\middleware\upload.js:23:12)
    at wrappedFileFilter (D:\Web Development Course\LMS\leads-management-system-node\node_modules\multer\index.js:44:7)
    at Multipart.<anonymous> (D:\Web Development Course\LMS\leads-management-system-node\node_modules\multer\lib\make-middleware.js:132:7)
    at Multipart.emit (node:events:519:28)
    at HeaderParser.cb (D:\Web Development Course\LMS\leads-management-system-node\node_modules\busboy\lib\types\multipart.js:358:14)
    at HeaderParser.push (D:\Web Development Course\LMS\leads-management-system-node\node_modules\busboy\lib\types\multipart.js:162:20)
    at SBMH.ssCb [as _cb] (D:\Web Development Course\LMS\leads-management-system-node\node_modules\busboy\lib\types\multipart.js:394:37)
    at feed (D:\Web Development Course\LMS\leads-management-system-node\node_modules\streamsearch\lib\sbmh.js:219:14)
    at SBMH.push (D:\Web Development Course\LMS\leads-management-system-node\node_modules\streamsearch\lib\sbmh.js:104:16)
    at Multipart._write (D:\Web Development Course\LMS\leads-management-system-node\node_modules\busboy\lib\types\multipart.js:567:19)
2026-01-20 22:35:18 [error] : Only Excel files are allowed! | POST /api/v1/lead/bulk-insert-excel | Stack: Error: Only Excel files are allowed!
    at fileFilter (D:\Web Development Course\LMS\leads-management-system-node\middleware\upload.js:23:12)
    at wrappedFileFilter (D:\Web Development Course\LMS\leads-management-system-node\node_modules\multer\index.js:44:7)
    at Multipart.<anonymous> (D:\Web Development Course\LMS\leads-management-system-node\node_modules\multer\lib\make-middleware.js:132:7)
    at Multipart.emit (node:events:519:28)
    at HeaderParser.cb (D:\Web Development Course\LMS\leads-management-system-node\node_modules\busboy\lib\types\multipart.js:358:14)
    at HeaderParser.push (D:\Web Development Course\LMS\leads-management-system-node\node_modules\busboy\lib\types\multipart.js:162:20)
    at SBMH.ssCb [as _cb] (D:\Web Development Course\LMS\leads-management-system-node\node_modules\busboy\lib\types\multipart.js:394:37)
    at feed (D:\Web Development Course\LMS\leads-management-system-node\node_modules\streamsearch\lib\sbmh.js:219:14)
    at SBMH.push (D:\Web Development Course\LMS\leads-management-system-node\node_modules\streamsearch\lib\sbmh.js:104:16)
    at Multipart._write (D:\Web Development Course\LMS\leads-management-system-node\node_modules\busboy\lib\types\multipart.js:567:19)
2026-01-20 22:35:29 [error] : Only Excel files are allowed! | POST /api/v1/lead/bulk-insert-excel | Stack: Error: Only Excel files are allowed!
    at fileFilter (D:\Web Development Course\LMS\leads-management-system-node\middleware\upload.js:23:12)
    at wrappedFileFilter (D:\Web Development Course\LMS\leads-management-system-node\node_modules\multer\index.js:44:7)
    at Multipart.<anonymous> (D:\Web Development Course\LMS\leads-management-system-node\node_modules\multer\lib\make-middleware.js:132:7)
    at Multipart.emit (node:events:519:28)
    at HeaderParser.cb (D:\Web Development Course\LMS\leads-management-system-node\node_modules\busboy\lib\types\multipart.js:358:14)
    at HeaderParser.push (D:\Web Development Course\LMS\leads-management-system-node\node_modules\busboy\lib\types\multipart.js:162:20)
    at SBMH.ssCb [as _cb] (D:\Web Development Course\LMS\leads-management-system-node\node_modules\busboy\lib\types\multipart.js:394:37)
    at feed (D:\Web Development Course\LMS\leads-management-system-node\node_modules\streamsearch\lib\sbmh.js:219:14)
    at SBMH.push (D:\Web Development Course\LMS\leads-management-system-node\node_modules\streamsearch\lib\sbmh.js:104:16)
    at Multipart._write (D:\Web Development Course\LMS\leads-management-system-node\node_modules\busboy\lib\types\multipart.js:567:19)
2026-01-20 22:37:14 [error] : Only Excel files are allowed! | POST /api/v1/lead/bulk-insert-excel | Stack: Error: Only Excel files are allowed!
    at fileFilter (D:\Web Development Course\LMS\leads-management-system-node\middleware\upload.js:23:12)
    at wrappedFileFilter (D:\Web Development Course\LMS\leads-management-system-node\node_modules\multer\index.js:44:7)
    at Multipart.<anonymous> (D:\Web Development Course\LMS\leads-management-system-node\node_modules\multer\lib\make-middleware.js:132:7)
    at Multipart.emit (node:events:519:28)
    at HeaderParser.cb (D:\Web Development Course\LMS\leads-management-system-node\node_modules\busboy\lib\types\multipart.js:358:14)
    at HeaderParser.push (D:\Web Development Course\LMS\leads-management-system-node\node_modules\busboy\lib\types\multipart.js:162:20)
    at SBMH.ssCb [as _cb] (D:\Web Development Course\LMS\leads-management-system-node\node_modules\busboy\lib\types\multipart.js:394:37)
    at feed (D:\Web Development Course\LMS\leads-management-system-node\node_modules\streamsearch\lib\sbmh.js:219:14)
    at SBMH.push (D:\Web Development Course\LMS\leads-management-system-node\node_modules\streamsearch\lib\sbmh.js:104:16)
    at Multipart._write (D:\Web Development Course\LMS\leads-management-system-node\node_modules\busboy\lib\types\multipart.js:567:19)
2026-01-20 22:41:20 [error] : Only Excel files are allowed! | POST /api/v1/lead/bulk-insert-excel | Stack: Error: Only Excel files are allowed!
    at fileFilter (D:\Web Development Course\LMS\leads-management-system-node\middleware\upload.js:23:12)
    at wrappedFileFilter (D:\Web Development Course\LMS\leads-management-system-node\node_modules\multer\index.js:44:7)
    at Multipart.<anonymous> (D:\Web Development Course\LMS\leads-management-system-node\node_modules\multer\lib\make-middleware.js:132:7)
    at Multipart.emit (node:events:519:28)
    at HeaderParser.cb (D:\Web Development Course\LMS\leads-management-system-node\node_modules\busboy\lib\types\multipart.js:358:14)
    at HeaderParser.push (D:\Web Development Course\LMS\leads-management-system-node\node_modules\busboy\lib\types\multipart.js:162:20)
    at SBMH.ssCb [as _cb] (D:\Web Development Course\LMS\leads-management-system-node\node_modules\busboy\lib\types\multipart.js:394:37)
    at feed (D:\Web Development Course\LMS\leads-management-system-node\node_modules\streamsearch\lib\sbmh.js:219:14)
    at SBMH.push (D:\Web Development Course\LMS\leads-management-system-node\node_modules\streamsearch\lib\sbmh.js:104:16)
    at Multipart._write (D:\Web Development Course\LMS\leads-management-system-node\node_modules\busboy\lib\types\multipart.js:567:19)
2026-01-20 22:43:40 [error] : Only Excel files are allowed! | POST /api/v1/lead/bulk-insert-excel | Stack: Error: Only Excel files are allowed!
    at fileFilter (D:\Web Development Course\LMS\leads-management-system-node\middleware\upload.js:23:12)
    at wrappedFileFilter (D:\Web Development Course\LMS\leads-management-system-node\node_modules\multer\index.js:44:7)
    at Multipart.<anonymous> (D:\Web Development Course\LMS\leads-management-system-node\node_modules\multer\lib\make-middleware.js:132:7)
    at Multipart.emit (node:events:519:28)
    at HeaderParser.cb (D:\Web Development Course\LMS\leads-management-system-node\node_modules\busboy\lib\types\multipart.js:358:14)
    at HeaderParser.push (D:\Web Development Course\LMS\leads-management-system-node\node_modules\busboy\lib\types\multipart.js:162:20)
    at SBMH.ssCb [as _cb] (D:\Web Development Course\LMS\leads-management-system-node\node_modules\busboy\lib\types\multipart.js:394:37)
    at feed (D:\Web Development Course\LMS\leads-management-system-node\node_modules\streamsearch\lib\sbmh.js:219:14)
    at SBMH.push (D:\Web Development Course\LMS\leads-management-system-node\node_modules\streamsearch\lib\sbmh.js:104:16)
    at Multipart._write (D:\Web Development Course\LMS\leads-management-system-node\node_modules\busboy\lib\types\multipart.js:567:19)
2026-01-20 22:47:46 [error] : Only Excel files are allowed! | POST /api/v1/lead/bulk-insert-excel | Stack: Error: Only Excel files are allowed!
    at fileFilter (D:\Web Development Course\LMS\leads-management-system-node\middleware\upload.js:23:12)
    at wrappedFileFilter (D:\Web Development Course\LMS\leads-management-system-node\node_modules\multer\index.js:44:7)
    at Multipart.<anonymous> (D:\Web Development Course\LMS\leads-management-system-node\node_modules\multer\lib\make-middleware.js:132:7)
    at Multipart.emit (node:events:519:28)
    at HeaderParser.cb (D:\Web Development Course\LMS\leads-management-system-node\node_modules\busboy\lib\types\multipart.js:358:14)
    at HeaderParser.push (D:\Web Development Course\LMS\leads-management-system-node\node_modules\busboy\lib\types\multipart.js:162:20)
    at SBMH.ssCb [as _cb] (D:\Web Development Course\LMS\leads-management-system-node\node_modules\busboy\lib\types\multipart.js:394:37)
    at feed (D:\Web Development Course\LMS\leads-management-system-node\node_modules\streamsearch\lib\sbmh.js:219:14)
    at SBMH.push (D:\Web Development Course\LMS\leads-management-system-node\node_modules\streamsearch\lib\sbmh.js:104:16)
    at Multipart._write (D:\Web Development Course\LMS\leads-management-system-node\node_modules\busboy\lib\types\multipart.js:567:19)
2026-01-20 22:48:05 [error] : Only Excel files are allowed! | POST /api/v1/lead/bulk-insert-excel | Stack: Error: Only Excel files are allowed!
    at fileFilter (D:\Web Development Course\LMS\leads-management-system-node\middleware\upload.js:23:12)
    at wrappedFileFilter (D:\Web Development Course\LMS\leads-management-system-node\node_modules\multer\index.js:44:7)
    at Multipart.<anonymous> (D:\Web Development Course\LMS\leads-management-system-node\node_modules\multer\lib\make-middleware.js:132:7)
    at Multipart.emit (node:events:519:28)
    at HeaderParser.cb (D:\Web Development Course\LMS\leads-management-system-node\node_modules\busboy\lib\types\multipart.js:358:14)
    at HeaderParser.push (D:\Web Development Course\LMS\leads-management-system-node\node_modules\busboy\lib\types\multipart.js:162:20)
    at SBMH.ssCb [as _cb] (D:\Web Development Course\LMS\leads-management-system-node\node_modules\busboy\lib\types\multipart.js:394:37)
    at feed (D:\Web Development Course\LMS\leads-management-system-node\node_modules\streamsearch\lib\sbmh.js:219:14)
    at SBMH.push (D:\Web Development Course\LMS\leads-management-system-node\node_modules\streamsearch\lib\sbmh.js:104:16)
    at Multipart._write (D:\Web Development Course\LMS\leads-management-system-node\node_modules\busboy\lib\types\multipart.js:567:19)
2026-01-20 22:48:09 [error] : Only Excel files are allowed! | POST /api/v1/lead/bulk-insert-excel | Stack: Error: Only Excel files are allowed!
    at fileFilter (D:\Web Development Course\LMS\leads-management-system-node\middleware\upload.js:23:12)
    at wrappedFileFilter (D:\Web Development Course\LMS\leads-management-system-node\node_modules\multer\index.js:44:7)
    at Multipart.<anonymous> (D:\Web Development Course\LMS\leads-management-system-node\node_modules\multer\lib\make-middleware.js:132:7)
    at Multipart.emit (node:events:519:28)
    at HeaderParser.cb (D:\Web Development Course\LMS\leads-management-system-node\node_modules\busboy\lib\types\multipart.js:358:14)
    at HeaderParser.push (D:\Web Development Course\LMS\leads-management-system-node\node_modules\busboy\lib\types\multipart.js:162:20)
    at SBMH.ssCb [as _cb] (D:\Web Development Course\LMS\leads-management-system-node\node_modules\busboy\lib\types\multipart.js:394:37)
    at feed (D:\Web Development Course\LMS\leads-management-system-node\node_modules\streamsearch\lib\sbmh.js:219:14)
    at SBMH.push (D:\Web Development Course\LMS\leads-management-system-node\node_modules\streamsearch\lib\sbmh.js:104:16)
    at Multipart._write (D:\Web Development Course\LMS\leads-management-system-node\node_modules\busboy\lib\types\multipart.js:567:19)
2026-01-20 22:51:30 [error] : Only Excel files are allowed! | POST /api/v1/lead/bulk-insert-excel | Stack: Error: Only Excel files are allowed!
    at fileFilter (D:\Web Development Course\LMS\leads-management-system-node\middleware\upload.js:23:12)
    at wrappedFileFilter (D:\Web Development Course\LMS\leads-management-system-node\node_modules\multer\index.js:44:7)
    at Multipart.<anonymous> (D:\Web Development Course\LMS\leads-management-system-node\node_modules\multer\lib\make-middleware.js:132:7)
    at Multipart.emit (node:events:519:28)
    at HeaderParser.cb (D:\Web Development Course\LMS\leads-management-system-node\node_modules\busboy\lib\types\multipart.js:358:14)
    at HeaderParser.push (D:\Web Development Course\LMS\leads-management-system-node\node_modules\busboy\lib\types\multipart.js:162:20)
    at SBMH.ssCb [as _cb] (D:\Web Development Course\LMS\leads-management-system-node\node_modules\busboy\lib\types\multipart.js:394:37)
    at feed (D:\Web Development Course\LMS\leads-management-system-node\node_modules\streamsearch\lib\sbmh.js:219:14)
    at SBMH.push (D:\Web Development Course\LMS\leads-management-system-node\node_modules\streamsearch\lib\sbmh.js:104:16)
    at Multipart._write (D:\Web Development Course\LMS\leads-management-system-node\node_modules\busboy\lib\types\multipart.js:567:19)
2026-01-20 22:57:33 [error] : Only Excel files are allowed! | POST /api/v1/lead/bulk-insert-excel | Stack: Error: Only Excel files are allowed!
    at fileFilter (D:\Web Development Course\LMS\leads-management-system-node\middleware\upload.js:23:12)
    at wrappedFileFilter (D:\Web Development Course\LMS\leads-management-system-node\node_modules\multer\index.js:44:7)
    at Multipart.<anonymous> (D:\Web Development Course\LMS\leads-management-system-node\node_modules\multer\lib\make-middleware.js:132:7)
    at Multipart.emit (node:events:519:28)
    at HeaderParser.cb (D:\Web Development Course\LMS\leads-management-system-node\node_modules\busboy\lib\types\multipart.js:358:14)
    at HeaderParser.push (D:\Web Development Course\LMS\leads-management-system-node\node_modules\busboy\lib\types\multipart.js:162:20)
    at SBMH.ssCb [as _cb] (D:\Web Development Course\LMS\leads-management-system-node\node_modules\busboy\lib\types\multipart.js:394:37)
    at feed (D:\Web Development Course\LMS\leads-management-system-node\node_modules\streamsearch\lib\sbmh.js:219:14)
    at SBMH.push (D:\Web Development Course\LMS\leads-management-system-node\node_modules\streamsearch\lib\sbmh.js:104:16)
    at Multipart._write (D:\Web Development Course\LMS\leads-management-system-node\node_modules\busboy\lib\types\multipart.js:567:19)
2026-01-20 23:10:35 [error] : Only Excel files are allowed! | POST /api/v1/lead/bulk-insert-excel | Stack: Error: Only Excel files are allowed!
    at fileFilter (D:\Web Development Course\LMS\leads-management-system-node\middleware\upload.js:23:12)
    at wrappedFileFilter (D:\Web Development Course\LMS\leads-management-system-node\node_modules\multer\index.js:44:7)
    at Multipart.<anonymous> (D:\Web Development Course\LMS\leads-management-system-node\node_modules\multer\lib\make-middleware.js:132:7)
    at Multipart.emit (node:events:519:28)
    at HeaderParser.cb (D:\Web Development Course\LMS\leads-management-system-node\node_modules\busboy\lib\types\multipart.js:358:14)
    at HeaderParser.push (D:\Web Development Course\LMS\leads-management-system-node\node_modules\busboy\lib\types\multipart.js:162:20)
    at SBMH.ssCb [as _cb] (D:\Web Development Course\LMS\leads-management-system-node\node_modules\busboy\lib\types\multipart.js:394:37)
    at feed (D:\Web Development Course\LMS\leads-management-system-node\node_modules\streamsearch\lib\sbmh.js:219:14)
    at SBMH.push (D:\Web Development Course\LMS\leads-management-system-node\node_modules\streamsearch\lib\sbmh.js:104:16)
    at Multipart._write (D:\Web Development Course\LMS\leads-management-system-node\node_modules\busboy\lib\types\multipart.js:567:19)
2026-01-20 23:10:53 [error] : Only Excel files are allowed! | POST /api/v1/lead/bulk-insert-excel | Stack: Error: Only Excel files are allowed!
    at fileFilter (D:\Web Development Course\LMS\leads-management-system-node\middleware\upload.js:23:12)
    at wrappedFileFilter (D:\Web Development Course\LMS\leads-management-system-node\node_modules\multer\index.js:44:7)
    at Multipart.<anonymous> (D:\Web Development Course\LMS\leads-management-system-node\node_modules\multer\lib\make-middleware.js:132:7)
    at Multipart.emit (node:events:519:28)
    at HeaderParser.cb (D:\Web Development Course\LMS\leads-management-system-node\node_modules\busboy\lib\types\multipart.js:358:14)
    at HeaderParser.push (D:\Web Development Course\LMS\leads-management-system-node\node_modules\busboy\lib\types\multipart.js:162:20)
    at SBMH.ssCb [as _cb] (D:\Web Development Course\LMS\leads-management-system-node\node_modules\busboy\lib\types\multipart.js:394:37)
    at feed (D:\Web Development Course\LMS\leads-management-system-node\node_modules\streamsearch\lib\sbmh.js:219:14)
    at SBMH.push (D:\Web Development Course\LMS\leads-management-system-node\node_modules\streamsearch\lib\sbmh.js:104:16)
    at Multipart._write (D:\Web Development Course\LMS\leads-management-system-node\node_modules\busboy\lib\types\multipart.js:567:19)
2026-01-20 23:24:56 [error] : CustomAPIError: Invalid Credentials | POST /api/v1/auth/login
2026-01-20 23:24:56 [error] : CustomAPIError: Invalid Credentials | POST /api/v1/auth/login
2026-01-21 11:30:07 [error] : CustomAPIError: Invalid Credentials | POST /api/v1/auth/login
2026-01-21 11:30:16 [error] : CustomAPIError: Invalid Credentials | POST /api/v1/auth/login
2026-01-21 11:31:54 [error] : CustomAPIError: Invalid Credentials | POST /api/v1/auth/login
2026-01-21 11:32:00 [error] : CustomAPIError: Invalid Credentials | POST /api/v1/auth/login
2026-01-21 11:32:05 [error] : CustomAPIError: Invalid Credentials | POST /api/v1/auth/login
2026-01-21 11:32:13 [error] : CustomAPIError: Invalid Credentials | POST /api/v1/auth/login
2026-01-21 11:32:26 [error] : CustomAPIError: Invalid Credentials | POST /api/v1/auth/login
2026-01-21 11:32:38 [error] : CustomAPIError: Invalid Credentials | POST /api/v1/auth/login
2026-01-21 11:34:22 [error] : CustomAPIError: Invalid Credentials | POST /api/v1/auth/login
2026-01-21 12:42:53 [error] : CustomAPIError: Only admin can create users | POST /api/v1/auth/register
2026-01-21 12:43:15 [error] : CustomAPIError: Only admin can create users | POST /api/v1/auth/register
2026-01-21 12:43:22 [error] : CustomAPIError: Only admin can create users | POST /api/v1/auth/register
2026-01-21 12:43:38 [error] : CustomAPIError: Only admin can create users | POST /api/v1/auth/register
2026-01-21 13:51:25 [error] : CustomAPIError: Invalid Credentials | POST /api/v1/auth/login
2026-01-21 13:53:04 [error] : CustomAPIError: Only admin can create users | POST /api/v1/auth/register
2026-01-21 13:54:51 [error] : CustomAPIError: Invalid Credentials | POST /api/v1/auth/login
2026-01-21 13:55:40 [error] : CustomAPIError: Invalid Credentials | POST /api/v1/auth/login
2026-01-21 13:55:56 [error] : CustomAPIError: Invalid Credentials | POST /api/v1/auth/login
