POST /api/v1/auth/register 401 48 - 29.224 ms
POST /api/v1/auth/login 401 29 - 61.650 ms
POST /api/v1/auth/register 401 48 - 22.744 ms
POST /api/v1/auth/login 401 29 - 16.172 ms
POST /api/v1/auth/register 401 48 - 74.853 ms
POST /api/v1/auth/register 401 48 - 2.693 ms
POST /api/v1/auth/register 401 48 - 1.010 ms
POST /api/v1/auth/register 401 48 - 1.674 ms
POST /api/v1/auth/register 401 48 - 3.564 ms
POST /api/v1/auth/register 401 48 - 1.121 ms
POST /api/v1/auth/register 401 48 - 1.102 ms
POST /api/v1/auth/register 401 48 - 0.936 ms
POST /api/v1/setup/admin 404 20 - 11.262 ms
POST /api/v1/setup/first-admin 400 45 - 32.554 ms
POST /api/v1/auth/login 401 29 - 29.550 ms
POST /api/v1/auth/login 401 29 - 13.364 ms
POST /api/v1/setup/first-admin 400 45 - 3.594 ms
POST /api/v1/setup/first-admin 400 45 - 10.949 ms
POST /api/v1/setup/first-admin 400 45 - 2.816 ms
POST /api/v1/setup/first-admin 400 45 - 2.170 ms
POST /api/v1/setup/first-admin 400 45 - 6.560 ms
POST /api/v1/setup/first-admin 400 45 - 6.768 ms
POST /api/v1/setup/first-admin 400 45 - 2.615 ms
POST /api/v1/setup/first-admin 400 45 - 4.091 ms
POST /api/v1/setup/first-admin 400 45 - 2.083 ms
POST /api/v1/setup/first-admin 201 364 - 293.911 ms
POST /api/v1/auth/login 200 312 - 161.993 ms
GET /api/v1/admin/stats 404 20 - 1.155 ms
GET /api/v1/admin/stats 404 20 - 0.568 ms
POST /api/v1/auth/login 200 312 - 137.364 ms
GET /api/v1/admin/stats 404 20 - 0.502 ms
GET /api/v1/admin/stats 404 20 - 0.387 ms
POST /api/v1/auth/login 200 312 - 129.944 ms
GET /api/v1/admin/stats 404 20 - 1.380 ms
GET /api/v1/admin/stats 404 20 - 0.467 ms
POST /api/v1/auth/login 200 312 - 114.831 ms
GET /api/v1/admin/stats 404 20 - 0.397 ms
GET /api/v1/admin/stats 404 20 - 2.982 ms
POST /api/v1/auth/login 200 312 - 139.501 ms
GET /api/v1/dashboard/admin-stats 200 289 - 219.854 ms
GET /api/v1/dashboard/admin-stats 200 289 - 48.933 ms
POST /api/v1/auth/login 200 312 - 134.601 ms
GET /api/v1/dashboard/admin-stats 304 - - 39.544 ms
GET /api/v1/dashboard/admin-stats 200 289 - 84.160 ms
GET /api/v1/dashboard/admin-stats 200 289 - 1253.899 ms
POST /api/v1/auth/login 200 312 - 117.064 ms
GET /api/v1/dashboard/admin-stats 304 - - 134.800 ms
GET /api/v1/dashboard/admin-stats 200 289 - 20.575 ms
POST /api/v1/auth/login 200 312 - 129.925 ms
GET /api/v1/dashboard/admin-stats 304 - - 676.432 ms
GET /api/v1/dashboard/admin-stats 200 289 - 523.073 ms
POST /api/v1/auth/login 200 312 - 93.132 ms
POST /api/v1/auth/login 200 312 - 103.986 ms
POST /api/v1/auth/login 200 312 - 211.015 ms
GET /api/v1/dashboard/admin-stats 200 289 - 1705.432 ms
GET /api/v1/dashboard/admin-stats 200 289 - 1454.393 ms
GET /api/v1/dashboard/admin-stats 200 289 - 26.187 ms
GET /api/v1/dashboard/admin-stats 200 289 - 97.992 ms
GET /api/v1/dashboard/admin-stats 200 289 - 50.110 ms
GET /api/v1/dashboard/admin-stats 200 289 - 122.864 ms
GET /api/v1/dashboard/admin-stats 200 289 - 40.214 ms
GET /api/v1/dashboard/admin-stats 200 289 - 45.293 ms
GET /api/v1/dashboard/admin-stats 200 289 - 118.643 ms
POST /api/v1/auth/login 200 312 - 140.577 ms
GET /api/v1/dashboard/admin-stats 304 - - 25.016 ms
GET /api/v1/dashboard/admin-stats 200 289 - 139.268 ms
GET /api/v1/dashboard/admin-stats 200 289 - 76.374 ms
GET /api/v1/dashboard/admin-stats 200 289 - 34.402 ms
GET /api/v1/dashboard/admin-stats 200 289 - 230.286 ms
GET /api/v1/dashboard/admin-stats 200 289 - 30.817 ms
GET /api/v1/dashboard/admin-stats 200 289 - 285.138 ms
GET /api/v1/dashboard/admin-stats 200 289 - 112.318 ms
GET /api/v1/dashboard/admin-stats 200 289 - 84.336 ms
GET /api/v1/dashboard/admin-stats 200 289 - 64.147 ms
GET /api/v1/dashboard/admin-stats 200 289 - 23.908 ms
GET /api/v1/dashboard/admin-stats 200 289 - 49.131 ms
GET /api/v1/dashboard/admin-stats 200 289 - 19.589 ms
GET /api/v1/dashboard/admin-stats 200 289 - 24.600 ms
GET /api/v1/dashboard/admin-stats?filter=day 200 289 - 114.307 ms
GET /api/v1/dashboard/admin-stats?filter=day 200 289 - 82.981 ms
GET /api/v1/dashboard/admin-stats?filter=day 200 289 - 62.702 ms
GET /api/v1/dashboard/admin-stats?filter=day 200 289 - 29.012 ms
GET /api/v1/dashboard/admin-stats?filter=day 200 289 - 181.808 ms
GET /api/v1/dashboard/admin-stats?filter=day 200 289 - 88.914 ms
POST /api/v1/auth/register 201 314 - 499.953 ms
GET /api/v1/dashboard/admin-stats?filter=day 200 289 - 40.671 ms
GET /api/v1/dashboard/admin-stats?filter=day 200 289 - 113.418 ms
GET /api/v1/dashboard/admin-stats?filter=day 200 289 - 48.081 ms
GET /api/v1/dashboard/admin-stats?filter=day 200 289 - 4016.443 ms
GET /api/v1/leads/csr/undefined 404 20 - 4.909 ms
POST /api/v1/auth/login 401 29 - 73.855 ms
POST /api/v1/auth/login 401 29 - 5.347 ms
POST /api/v1/auth/login 401 29 - 4.229 ms
POST /api/v1/auth/login 401 29 - 13.934 ms
POST /api/v1/auth/login 401 29 - 5.582 ms
POST /api/v1/auth/login 401 29 - 4.028 ms
POST /api/v1/auth/login 401 29 - 4.923 ms
GET /api/v1/leads/csr/undefined 404 20 - 0.490 ms
GET /api/v1/leads/csr/undefined 404 20 - 0.319 ms
POST /api/v1/auth/login 401 29 - 2.789 ms
POST /api/v1/auth/login 401 29 - 2.868 ms
GET /api/v1/dashboard/admin-stats?filter=day 401 48 - 95.538 ms
POST /api/v1/setup/first-admin 201 364 - 230.676 ms
POST /api/v1/auth/login 200 312 - 116.124 ms
GET /api/v1/dashboard/admin-stats?filter=day 200 289 - 93.257 ms
GET /api/v1/dashboard/admin-stats?filter=day 200 289 - 34.025 ms
POST /api/v1/auth/register 201 292 - 111.559 ms
GET /api/v1/dashboard/admin-stats?filter=day 200 289 - 25.543 ms
POST /api/v1/auth/login 200 292 - 112.926 ms
GET /api/v1/leads/csr/undefined 404 20 - 0.800 ms
GET /api/v1/leads/csr/undefined 404 20 - 0.673 ms
POST /api/v1/auth/login 200 292 - 101.714 ms
GET /api/v1/dashboard/admin-stats?filter=day 403 64 - 5.601 ms
POST /api/v1/auth/login 200 292 - 103.582 ms
GET /api/v1/dashboard/admin-stats?filter=day 403 64 - 35.750 ms
POST /api/v1/auth/login 200 386 - 292.141 ms
GET /api/v1/dashboard/admin-stats?filter=day 200 289 - 52.553 ms
GET /api/v1/dashboard/admin-stats?filter=day 200 289 - 39.399 ms
POST /api/v1/auth/login 200 361 - 99.248 ms
POST /api/v1/auth/login 200 361 - 159.637 ms
GET /api/v1/dashboard/admin-stats?filter=day 403 64 - 40.190 ms
POST /api/v1/auth/login 200 386 - 126.747 ms
GET /api/v1/dashboard/admin-stats?filter=day 200 170 - 75.836 ms
GET /api/v1/dashboard/admin-stats?filter=day 304 - - 79.982 ms
POST /api/v1/auth/login 200 361 - 101.945 ms
GET /api/v1/leads/csr/696b763c7a29c07b75792cf7 404 20 - 1.491 ms
GET /api/v1/dashboard/csr-stats/696b763c7a29c07b75792cf7?filter=day 404 20 - 0.741 ms
GET /api/v1/dashboard/admin-stats?filter=day 403 64 - 47.273 ms
POST /api/v1/auth/login 200 361 - 125.179 ms
GET /api/v1/leads/csr 404 20 - 9.461 ms
GET /api/v1/dashboard/csr-stats?filter=day 200 152 - 243.606 ms
GET /api/v1/leads/csr 404 20 - 5.510 ms
GET /api/v1/dashboard/csr-stats?filter=day 304 - - 209.443 ms
GET /api/v1/leads/csr 404 20 - 0.581 ms
GET /api/v1/dashboard/csr-stats?filter=day 304 - - 37.004 ms
GET /api/v1/leads/csr 404 20 - 0.339 ms
GET /api/v1/dashboard/csr-stats?filter=day 304 - - 35.300 ms
GET /api/v1/lead/csr 200 93 - 47.493 ms
GET /api/v1/dashboard/csr-stats?filter=day 304 - - 73.295 ms
POST /api/v1/auth/login 401 29 - 132.877 ms
POST /api/v1/auth/login 401 29 - 131.023 ms
POST /api/v1/auth/login 200 386 - 106.617 ms
GET /api/v1/dashboard/admin-stats?filter=day 200 170 - 97.425 ms
GET /api/v1/dashboard/admin-stats?filter=day 304 - - 129.333 ms
GET /api/v1/dashboard/admin-stats?filter=day 304 - - 42.569 ms
POST /api/v1/auth/login 200 361 - 127.818 ms
GET /api/v1/lead/csr 304 - - 18.850 ms
GET /api/v1/lead/csr 304 - - 9.011 ms
GET /api/v1/dashboard/csr-stats?filter=day 304 - - 49.908 ms
GET /api/v1/dashboard/csr-stats?filter=day 304 - - 41.176 ms
GET /api/v1/lead/csr 304 - - 16.227 ms
GET /api/v1/lead/csr 304 - - 12.643 ms
GET /api/v1/dashboard/csr-stats?filter=day 304 - - 49.263 ms
GET /api/v1/dashboard/csr-stats?filter=day 304 - - 37.617 ms
POST /api/v1/auth/login 200 386 - 801.060 ms
GET /api/v1/dashboard/admin-stats?filter=day 304 - - 229.733 ms
GET /api/v1/dashboard/admin-stats?filter=day 304 - - 420.086 ms
POST /api/v1/auth/login 200 361 - 1238.087 ms
GET /api/v1/lead/csr 304 - - 169.290 ms
GET /api/v1/lead/csr 304 - - 285.983 ms
GET /api/v1/dashboard/csr-stats?filter=day 304 - - 1993.600 ms
GET /api/v1/dashboard/csr-stats?filter=day 304 - - 525.338 ms
GET /api/v1/dashboard/admin-stats?filter=day 403 64 - 16.461 ms
GET /api/v1/dashboard/admin-stats?filter=day 403 64 - 16.456 ms
GET /api/v1/dashboard/admin-stats?filter=day 403 64 - 10.520 ms
POST /api/v1/auth/login 200 386 - 204.769 ms
GET /api/v1/dashboard/admin-stats?filter=day 200 170 - 48.578 ms
GET /api/v1/dashboard/admin-stats?filter=day 304 - - 66.824 ms
POST /api/v1/auth/login 200 361 - 204.003 ms
GET /api/v1/lead/csr 304 - - 21.270 ms
GET /api/v1/lead/csr 304 - - 24.963 ms
GET /api/v1/dashboard/csr-stats?filter=day 304 - - 103.670 ms
GET /api/v1/dashboard/csr-stats?filter=day 304 - - 48.384 ms
GET /api/v1/lead/csr 304 - - 20.766 ms
GET /api/v1/dashboard/csr-stats?filter=day 304 - - 65.495 ms
GET /api/v1/lead/csr 304 - - 21.386 ms
GET /api/v1/dashboard/csr-stats?filter=day 304 - - 60.950 ms
GET /api/v1/dashboard/admin-stats?filter=day 403 64 - 5.741 ms
GET /api/v1/lead/csr 304 - - 12.366 ms
GET /api/v1/dashboard/csr-stats?filter=day 304 - - 49.294 ms
GET /api/v1/lead/csr 304 - - 15.087 ms
GET /api/v1/dashboard/csr-stats?filter=day 304 - - 46.811 ms
POST /api/v1/auth/login 200 361 - 202.833 ms
GET /api/v1/lead/csr 304 - - 12.698 ms
GET /api/v1/lead/csr 304 - - 10.408 ms
GET /api/v1/dashboard/csr-stats?filter=day 304 - - 45.488 ms
GET /api/v1/dashboard/csr-stats?filter=day 304 - - 33.658 ms
POST /api/v1/auth/login 200 386 - 438.654 ms
GET /api/v1/dashboard/admin-stats?filter=day 200 294 - 166.112 ms
GET /api/v1/dashboard/admin-stats?filter=day 304 - - 91.774 ms
POST /api/v1/auth/login 200 386 - 283.046 ms
GET /api/v1/dashboard/admin-stats?filter=day 304 - - 99.209 ms
GET /api/v1/dashboard/admin-stats?filter=day 304 - - 257.236 ms
POST /api/v1/auth/login 200 361 - 119.093 ms
GET /api/v1/lead/csr 200 75 - 11.436 ms
GET /api/v1/lead/csr 304 - - 9.472 ms
GET /api/v1/dashboard/csr-stats?filter=day 304 - - 66.973 ms
GET /api/v1/dashboard/csr-stats?filter=day 304 - - 100.391 ms
POST /api/v1/auth/login 200 361 - 90.066 ms
GET /api/v1/lead/csr 304 - - 12.792 ms
GET /api/v1/lead/csr 304 - - 6.178 ms
GET /api/v1/dashboard/csr-stats?filter=day 304 - - 34.075 ms
GET /api/v1/dashboard/csr-stats?filter=day 304 - - 29.799 ms
GET /api/v1/lead/csr 304 - - 48.676 ms
GET /api/v1/lead/csr 304 - - 7.133 ms
GET /api/v1/dashboard/csr-stats?filter=day 304 - - 64.285 ms
GET /api/v1/dashboard/csr-stats?filter=day 304 - - 64.941 ms
GET /api/v1/lead/csr 304 - - 9.017 ms
GET /api/v1/dashboard/csr-stats?filter=day 304 - - 67.597 ms
POST /api/v1/auth/login 200 376 - 230.947 ms
GET /api/v1/lead/csr 304 - - 19.670 ms
GET /api/v1/lead/csr 304 - - 31.867 ms
GET /api/v1/dashboard/csr-stats?filter=day 304 - - 139.288 ms
GET /api/v1/dashboard/csr-stats?filter=day 304 - - 73.495 ms
GET /api/v1/lead/csr 304 - - 7.333 ms
GET /api/v1/dashboard/csr-stats?filter=day 304 - - 45.775 ms
POST /api/v1/auth/login 200 376 - 114.419 ms
GET /api/v1/lead/csr 304 - - 3.184 ms
GET /api/v1/lead/csr 304 - - 3.859 ms
GET /api/v1/dashboard/csr-stats?filter=day 304 - - 40.481 ms
GET /api/v1/dashboard/csr-stats?filter=day 304 - - 55.460 ms
POST /api/v1/auth/login 200 376 - 99.780 ms
GET /api/v1/lead/csr 304 - - 20.443 ms
GET /api/v1/lead/csr 304 - - 4.025 ms
GET /api/v1/dashboard/csr-stats?filter=day 304 - - 36.270 ms
GET /api/v1/dashboard/csr-stats?filter=day 304 - - 42.383 ms
GET /api/v1/dashboard/admin-stats?filter=day 403 39 - 8.272 ms
POST /api/v1/auth/login 200 376 - 100.662 ms
GET /api/v1/lead/csr 304 - - 9.811 ms
GET /api/v1/lead/csr 304 - - 6.707 ms
GET /api/v1/dashboard/csr-stats?filter=day 304 - - 157.799 ms
GET /api/v1/dashboard/csr-stats?filter=day 304 - - 49.916 ms
POST /api/v1/auth/login 200 376 - 100.363 ms
GET /api/v1/lead/csr 304 - - 5.546 ms
GET /api/v1/lead/csr 304 - - 4.015 ms
GET /api/v1/dashboard/csr-stats?filter=day 304 - - 35.286 ms
GET /api/v1/dashboard/csr-stats?filter=day 304 - - 49.108 ms
POST /api/v1/lead/create-leads 201 328 - 87.340 ms
GET /api/v1/lead/csr 200 405 - 40.712 ms
GET /api/v1/lead/csr 304 - - 14.558 ms
GET /api/v1/dashboard/csr-stats?filter=day 200 155 - 58.231 ms
GET /api/v1/dashboard/csr-stats?filter=day 304 - - 63.964 ms
GET /api/v1/dashboard/admin-stats?filter=day 403 39 - 2.103 ms
POST /api/v1/auth/login 200 401 - 94.991 ms
GET /api/v1/dashboard/admin-stats?filter=day 200 297 - 103.160 ms
GET /api/v1/dashboard/admin-stats?filter=day 304 - - 193.293 ms
GET /api/v1/sales/my-sales 404 20 - 2.448 ms
GET /api/v1/sales/my-sales 404 20 - 0.807 ms
GET /api/v1/lead/csr 400 24 - 152.283 ms
GET /api/v1/dashboard/csr-stats?filter=day 403 39 - 16.136 ms
GET /api/v1/lead/csr 400 24 - 115.819 ms
GET /api/v1/dashboard/csr-stats?filter=day 403 39 - 27.626 ms
GET /api/v1/dashboard/admin-stats?filter=day 304 - - 84.579 ms
POST /api/v1/auth/login 401 29 - 50.553 ms
POST /api/v1/auth/login 401 29 - 9.716 ms
GET /api/v1/lead 404 20 - 50.014 ms
GET /api/v1/dashboard/admin-stats?filter=day 304 - - 162.683 ms
POST /api/v1/auth/login 401 29 - 26.621 ms
POST /api/v1/auth/login 401 29 - 9.753 ms
POST /api/v1/auth/login 401 29 - 8.548 ms
POST /api/v1/auth/login 200 376 - 158.801 ms
GET /api/v1/lead 404 20 - 1.314 ms
GET /api/v1/lead 404 20 - 0.569 ms
GET /api/v1/dashboard/csr-stats?filter=day 200 155 - 203.748 ms
GET /api/v1/dashboard/csr-stats?filter=day 304 - - 68.091 ms
POST /api/v1/auth/login 200 376 - 100.541 ms
GET /api/v1/lead 404 20 - 0.649 ms
GET /api/v1/lead 404 20 - 0.716 ms
GET /api/v1/dashboard/csr-stats?filter=day 304 - - 103.972 ms
GET /api/v1/dashboard/csr-stats?filter=day 304 - - 99.692 ms
POST /api/v1/auth/login 200 376 - 532.502 ms
GET /api/v1/lead 404 20 - 1.515 ms
GET /api/v1/lead 404 20 - 1.076 ms
GET /api/v1/dashboard/csr-stats?filter=day 304 - - 872.772 ms
GET /api/v1/dashboard/csr-stats?filter=day 304 - - 403.306 ms
GET /api/v1/lead 404 20 - 0.987 ms
GET /api/v1/dashboard/admin-stats?filter=day 403 39 - 4.763 ms
POST /api/v1/auth/login 200 401 - 173.323 ms
GET /api/v1/lead 404 20 - 0.711 ms
GET /api/v1/lead 404 20 - 0.510 ms
GET /api/v1/dashboard/admin-stats?filter=day 200 297 - 921.374 ms
GET /api/v1/dashboard/admin-stats?filter=day 304 - - 551.690 ms
POST /api/v1/auth/login 200 401 - 192.904 ms
GET /api/v1/lead 404 20 - 1.131 ms
GET /api/v1/lead 404 20 - 2.225 ms
GET /api/v1/dashboard/admin-stats?filter=day 304 - - 283.563 ms
GET /api/v1/dashboard/admin-stats?filter=day 304 - - 80.709 ms
POST /api/v1/auth/login 200 376 - 135.437 ms
GET /api/v1/lead/csr/696b763c7a29c07b75792cf7 200 405 - 122.441 ms
GET /api/v1/lead/csr/696b763c7a29c07b75792cf7 304 - - 67.104 ms
GET /api/v1/dashboard/csr-stats?filter=day 304 - - 118.404 ms
GET /api/v1/dashboard/csr-stats?filter=day 304 - - 339.516 ms
GET /api/v1/lead/csr/696b763c7a29c07b75792cf7 304 - - 13.791 ms
GET /api/v1/dashboard/csr-stats?filter=day 304 - - 34.459 ms
GET /api/v1/lead/csr/696b763c7a29c07b75792cf7 304 - - 22.642 ms
GET /api/v1/dashboard/csr-stats?filter=day 304 - - 73.635 ms
POST /api/v1/auth/login 200 376 - 261.193 ms
GET /api/v1/lead/csr/696b763c7a29c07b75792cf7 304 - - 20.196 ms
GET /api/v1/lead/csr/696b763c7a29c07b75792cf7 304 - - 37.780 ms
GET /api/v1/dashboard/csr-stats?filter=day 304 - - 118.223 ms
GET /api/v1/dashboard/csr-stats?filter=day 304 - - 351.894 ms
POST /api/v1/lead/convert-to-sale/696cb62660d1103a0e13a97e 404 20 - 0.788 ms
POST /api/v1/auth/login 200 401 - 191.406 ms
GET /api/v1/lead 404 20 - 0.446 ms
GET /api/v1/lead 404 20 - 0.367 ms
GET /api/v1/dashboard/admin-stats?filter=day 304 - - 178.951 ms
GET /api/v1/dashboard/admin-stats?filter=day 304 - - 300.807 ms
GET /api/v1/lead 404 20 - 5.600 ms
GET /api/v1/dashboard/csr-stats?filter=day 403 39 - 7.294 ms
POST /api/v1/auth/login 200 376 - 238.487 ms
GET /api/v1/lead/csr/696b763c7a29c07b75792cf7 304 - - 84.243 ms
GET /api/v1/lead/csr/696b763c7a29c07b75792cf7 304 - - 8.393 ms
GET /api/v1/dashboard/csr-stats?filter=day 200 155 - 72.489 ms
GET /api/v1/dashboard/csr-stats?filter=day 304 - - 27.595 ms
POST /api/v1/lead/convert-to-sale/696cb62660d1103a0e13a97e 404 20 - 0.759 ms
GET /api/v1/lead 404 20 - 0.511 ms
GET /api/v1/dashboard/admin-stats?filter=day 403 39 - 1.722 ms
POST /api/v1/auth/login 200 401 - 92.502 ms
GET /api/v1/lead 404 20 - 0.388 ms
GET /api/v1/lead 404 20 - 0.667 ms
GET /api/v1/dashboard/admin-stats?filter=day 200 297 - 127.259 ms
GET /api/v1/dashboard/admin-stats?filter=day 304 - - 216.980 ms
GET /api/v1/lead 404 20 - 5.829 ms
GET /api/v1/dashboard/admin-stats?filter=day 304 - - 192.187 ms
GET /api/v1/lead 404 20 - 1.767 ms
GET /api/v1/dashboard/csr-stats?filter=day 403 39 - 2.322 ms
GET /api/v1/lead 404 20 - 0.870 ms
GET /api/v1/dashboard/admin-stats?filter=day 304 - - 190.513 ms
GET /api/v1/lead 404 20 - 0.614 ms
GET /api/v1/dashboard/admin-stats?filter=day 304 - - 112.069 ms
GET /api/v1/lead 404 20 - 2.559 ms
GET /api/v1/dashboard/admin-stats?filter=day 304 - - 82.342 ms
POST /api/v1/auth/login 200 376 - 109.046 ms
GET /api/v1/lead/csr/696b763c7a29c07b75792cf7 200 420 - 26.794 ms
GET /api/v1/lead/csr/696b763c7a29c07b75792cf7 304 - - 9.565 ms
GET /api/v1/dashboard/csr-stats?filter=day 200 155 - 72.165 ms
GET /api/v1/dashboard/csr-stats?filter=day 304 - - 155.827 ms
POST /api/v1/lead/convert-to-sale/696cb62660d1103a0e13a97e 404 20 - 1.043 ms
POST /api/v1/lead/convert-to-sale/696cb62660d1103a0e13a97e 404 20 - 0.742 ms
GET /api/v1/lead/csr/696b763c7a29c07b75792cf7 304 - - 11.608 ms
GET /api/v1/dashboard/csr-stats?filter=day 304 - - 23.397 ms
POST /api/v1/auth/login 200 401 - 186.565 ms
GET /api/v1/lead 404 20 - 1.149 ms
GET /api/v1/lead 404 20 - 0.944 ms
GET /api/v1/dashboard/admin-stats?filter=day 304 - - 268.803 ms
GET /api/v1/dashboard/admin-stats?filter=day 304 - - 205.124 ms
POST /api/v1/lead/create-leads 400 39 - 48.123 ms
POST /api/v1/lead/create-leads 400 39 - 19.756 ms
POST /api/v1/lead/create-leads 400 39 - 11.613 ms
GET /api/v1/lead 404 20 - 0.589 ms
GET /api/v1/dashboard/csr-stats?filter=day 403 39 - 1.712 ms
GET /api/v1/lead 404 20 - 4.040 ms
GET /api/v1/dashboard/csr-stats?filter=day 403 39 - 16.758 ms
POST /api/v1/auth/login 200 376 - 93.056 ms
GET /api/v1/lead/csr/696b763c7a29c07b75792cf7 200 381 - 35.361 ms
GET /api/v1/lead/csr/696b763c7a29c07b75792cf7 304 - - 8.932 ms
GET /api/v1/dashboard/csr-stats?filter=day 200 155 - 58.316 ms
GET /api/v1/dashboard/csr-stats?filter=day 304 - - 113.079 ms
POST /api/v1/lead/create-leads 400 39 - 98.320 ms
GET /api/v1/dashboard/admin-stats?filter=day 403 39 - 2.601 ms
GET /api/v1/lead 404 20 - 1.212 ms
GET /api/v1/lead/csr/696b763c7a29c07b75792cf7 304 - - 45.727 ms
GET /api/v1/dashboard/csr-stats?filter=day 304 - - 69.638 ms
POST /api/v1/lead/create-leads 400 126 - 11.292 ms
POST /api/v1/auth/login 200 401 - 291.775 ms
GET /api/v1/lead/get-all-leads 200 2492 - 125.900 ms
GET /api/v1/lead/get-all-leads 304 - - 21.934 ms
GET /api/v1/dashboard/admin-stats?filter=day 200 297 - 162.671 ms
GET /api/v1/dashboard/admin-stats?filter=day 304 - - 178.073 ms
DELETE /api/v1/lead/delete-leads/696cb62660d1103a0e13a97e 200 54 - 65.110 ms
GET /api/v1/lead/get-all-leads 200 2146 - 36.462 ms
GET /api/v1/dashboard/admin-stats?filter=day 200 294 - 147.019 ms
DELETE /api/v1/lead/delete-leads/695b7f05519363c9d74d404c 200 54 - 14.789 ms
GET /api/v1/lead/get-all-leads 200 1901 - 23.286 ms
GET /api/v1/dashboard/admin-stats?filter=day 200 294 - 115.017 ms
DELETE /api/v1/lead/delete-leads/695a90369275918bc0b9e989 200 54 - 15.769 ms
GET /api/v1/lead/get-all-leads 200 1636 - 26.532 ms
GET /api/v1/dashboard/admin-stats?filter=day 200 294 - 86.101 ms
DELETE /api/v1/lead/delete-leads/695a8bb24e43879a57bd08da 200 54 - 16.256 ms
GET /api/v1/lead/get-all-leads 200 1377 - 25.322 ms
GET /api/v1/dashboard/admin-stats?filter=day 200 294 - 95.671 ms
DELETE /api/v1/lead/delete-leads/695a81fe6f6d998cff3ef897 200 54 - 26.305 ms
GET /api/v1/lead/get-all-leads 200 1118 - 27.727 ms
GET /api/v1/dashboard/admin-stats?filter=day 200 294 - 83.558 ms
DELETE /api/v1/lead/delete-leads/695a6a41c6ca60bf6f12a143 200 54 - 17.283 ms
GET /api/v1/lead/get-all-leads 200 864 - 8.630 ms
GET /api/v1/dashboard/admin-stats?filter=day 200 294 - 84.772 ms
DELETE /api/v1/lead/delete-leads/694f8bf3f6b95b9eb8073012 200 54 - 24.214 ms
GET /api/v1/lead/get-all-leads 200 592 - 13.940 ms
GET /api/v1/dashboard/admin-stats?filter=day 200 294 - 74.784 ms
POST /api/v1/lead/create-leads 400 39 - 22.268 ms
GET /api/v1/lead/get-all-leads 304 - - 7.370 ms
GET /api/v1/dashboard/admin-stats?filter=day 304 - - 81.360 ms
POST /api/v1/lead/create-leads 400 39 - 58.621 ms
POST /api/v1/auth/login 200 401 - 285.067 ms
GET /api/v1/lead/get-all-leads 304 - - 5.792 ms
GET /api/v1/lead/get-all-leads 304 - - 9.072 ms
GET /api/v1/dashboard/admin-stats?filter=day 304 - - 85.902 ms
GET /api/v1/dashboard/admin-stats?filter=day 304 - - 128.116 ms
POST /api/v1/auth/login 200 401 - 208.589 ms
GET /api/v1/lead/get-all-leads 304 - - 5.503 ms
GET /api/v1/lead/get-all-leads 304 - - 7.089 ms
GET /api/v1/dashboard/admin-stats?filter=day 304 - - 76.667 ms
GET /api/v1/dashboard/admin-stats?filter=day 304 - - 217.221 ms
GET /api/v1/lead/get-all-leads 304 - - 33.115 ms
GET /api/v1/dashboard/admin-stats?filter=day 304 - - 113.961 ms
POST /api/v1/auth/login 200 376 - 350.150 ms
GET /api/v1/lead/csr/696b763c7a29c07b75792cf7 200 36 - 12.853 ms
GET /api/v1/lead/csr/696b763c7a29c07b75792cf7 304 - - 15.609 ms
GET /api/v1/dashboard/csr-stats?filter=day 200 152 - 148.298 ms
GET /api/v1/dashboard/csr-stats?filter=day 304 - - 47.664 ms
POST /api/v1/lead/create-leads 400 39 - 29.784 ms
POST /api/v1/lead/create-leads 400 39 - 116.091 ms
POST /api/v1/lead/create-leads 201 395 - 113.084 ms
GET /api/v1/lead/csr/696b763c7a29c07b75792cf7 200 407 - 41.482 ms
GET /api/v1/dashboard/csr-stats?filter=day 200 155 - 62.865 ms
POST /api/v1/lead/convert-to-sale/696d5909ab69acc49bedf5bf 404 20 - 1.536 ms
GET /api/v1/lead/get-all-leads 403 39 - 2.722 ms
GET /api/v1/dashboard/admin-stats?filter=day 403 39 - 6.715 ms
GET /api/v1/dashboard/admin-stats?filter=day 403 39 - 2.528 ms
GET /api/v1/lead/get-all-leads 403 39 - 2.368 ms
POST /api/v1/auth/login 200 401 - 289.579 ms
GET /api/v1/lead/get-all-leads 200 964 - 49.914 ms
GET /api/v1/lead/get-all-leads 304 - - 28.194 ms
GET /api/v1/dashboard/admin-stats?filter=day 200 297 - 165.063 ms
GET /api/v1/dashboard/admin-stats?filter=day 304 - - 266.913 ms
POST /api/v1/lead/create-leads 201 404 - 18.012 ms
GET /api/v1/dashboard/csr-stats?filter=day 403 39 - 1.745 ms
GET /api/v1/lead/get-all-leads 200 1345 - 26.608 ms
POST /api/v1/auth/login 200 376 - 433.881 ms
GET /api/v1/lead/csr/696b763c7a29c07b75792cf7 200 788 - 21.720 ms
GET /api/v1/lead/csr/696b763c7a29c07b75792cf7 304 - - 31.613 ms
GET /api/v1/dashboard/csr-stats?filter=day 200 155 - 150.383 ms
GET /api/v1/dashboard/csr-stats?filter=day 304 - - 150.490 ms
GET /api/v1/lead/get-all-leads 403 39 - 1.749 ms
GET /api/v1/dashboard/admin-stats?filter=day 403 39 - 1.894 ms
POST /api/v1/auth/login 200 401 - 275.681 ms
GET /api/v1/lead/get-all-leads 200 1345 - 18.384 ms
GET /api/v1/lead/get-all-leads 304 - - 15.909 ms
GET /api/v1/dashboard/admin-stats?filter=day 200 297 - 72.800 ms
GET /api/v1/dashboard/admin-stats?filter=day 304 - - 193.113 ms
POST /api/v1/lead/convert-to-sale/696d5cbcab69acc49bedf5e9 404 20 - 0.997 ms
POST /api/v1/auth/login 200 401 - 137.573 ms
GET /api/v1/lead/get-all-leads 304 - - 37.648 ms
GET /api/v1/lead/get-all-leads 304 - - 34.283 ms
GET /api/v1/dashboard/admin-stats?filter=day 304 - - 199.711 ms
GET /api/v1/dashboard/admin-stats?filter=day 304 - - 260.289 ms
POST /api/v1/auth/login 200 376 - 110.795 ms
GET /api/v1/lead/csr/696b763c7a29c07b75792cf7 304 - - 26.596 ms
GET /api/v1/lead/csr/696b763c7a29c07b75792cf7 304 - - 38.147 ms
GET /api/v1/dashboard/csr-stats?filter=day 304 - - 118.338 ms
GET /api/v1/dashboard/csr-stats?filter=day 304 - - 200.832 ms
POST /api/v1/lead/create-leads 201 398 - 36.918 ms
GET /api/v1/lead/csr/696b763c7a29c07b75792cf7 200 1163 - 9.945 ms
GET /api/v1/dashboard/csr-stats?filter=day 200 155 - 30.427 ms
POST /api/v1/lead/convert-to-sale/696d6f7bdade175acb8c0b08 201 249 - 31.902 ms
GET /api/v1/lead/csr/696b763c7a29c07b75792cf7 200 1169 - 18.043 ms
GET /api/v1/dashboard/csr-stats?filter=day 200 156 - 50.999 ms
GET /api/v1/lead/get-all-leads 403 39 - 1.680 ms
GET /api/v1/dashboard/admin-stats?filter=day 403 39 - 1.892 ms
POST /api/v1/auth/login 200 401 - 96.616 ms
GET /api/v1/lead/get-all-leads 200 1726 - 14.803 ms
GET /api/v1/lead/get-all-leads 304 - - 12.824 ms
GET /api/v1/dashboard/admin-stats?filter=day 200 298 - 72.588 ms
GET /api/v1/dashboard/admin-stats?filter=day 304 - - 151.855 ms
POST /api/v1/auth/login 200 401 - 99.998 ms
GET /api/v1/lead/get-all-leads 304 - - 12.029 ms
GET /api/v1/lead/get-all-leads 304 - - 9.554 ms
GET /api/v1/dashboard/admin-stats?filter=day 304 - - 60.973 ms
GET /api/v1/dashboard/admin-stats?filter=day 304 - - 136.728 ms
GET /api/v1/lead/get-all-leads 304 - - 31.942 ms
GET /api/v1/dashboard/admin-stats?filter=day 304 - - 1031.900 ms
GET /api/v1/dashboard/admin-stats?filter=day 304 - - 54.908 ms
GET /api/v1/lead/get-all-leads 304 - - 9.656 ms
GET /api/v1/dashboard/admin-stats?filter=day 304 - - 184.453 ms
GET /api/v1/lead/get-all-leads 304 - - 25.896 ms
GET /api/v1/lead/get-all-leads 304 - - 13.044 ms
GET /api/v1/dashboard/admin-stats?filter=day 304 - - 46.207 ms
POST /api/v1/auth/login 401 29 - 86.533 ms
POST /api/v1/auth/login 401 29 - 8.652 ms
POST /api/v1/auth/login 401 29 - 7.943 ms
POST /api/v1/auth/login 200 376 - 113.819 ms
GET /api/v1/lead/csr/696b763c7a29c07b75792cf7 304 - - 64.543 ms
GET /api/v1/lead/csr/696b763c7a29c07b75792cf7 304 - - 14.137 ms
GET /api/v1/dashboard/csr-stats?filter=day 304 - - 56.688 ms
GET /api/v1/dashboard/csr-stats?filter=day 304 - - 156.907 ms
POST /api/v1/auth/login 200 401 - 172.675 ms
GET /api/v1/lead/get-all-leads 304 - - 35.536 ms
GET /api/v1/lead/get-all-leads 304 - - 12.514 ms
GET /api/v1/dashboard/admin-stats?filter=day 304 - - 82.882 ms
GET /api/v1/dashboard/admin-stats?filter=day 304 - - 205.047 ms
POST /api/v1/auth/register 201 50 - 315.306 ms
GET /api/v1/lead/get-all-leads 304 - - 71.442 ms
GET /api/v1/dashboard/admin-stats?filter=day 200 403 - 170.477 ms
POST /api/v1/auth/login 200 401 - 94.229 ms
GET /api/v1/lead/get-all-leads 304 - - 18.147 ms
GET /api/v1/lead/get-all-leads 304 - - 11.457 ms
GET /api/v1/dashboard/admin-stats?filter=day 304 - - 64.802 ms
GET /api/v1/dashboard/admin-stats?filter=day 304 - - 123.942 ms
GET /api/v1/lead/get-all-leads 304 - - 25.819 ms
GET /api/v1/dashboard/admin-stats?filter=day 304 - - 54.586 ms
GET /api/v1/lead/get-all-leads 304 - - 18.266 ms
GET /api/v1/dashboard/admin-stats?filter=day 304 - - 49.833 ms
GET /api/v1/lead/get-all-leads 304 - - 28.479 ms
GET /api/v1/dashboard/admin-stats?filter=day 304 - - 426.532 ms
POST /api/v1/auth/register 201 50 - 232.610 ms
POST /api/v1/auth/login 200 376 - 124.737 ms
GET /api/v1/lead/csr/696b763c7a29c07b75792cf7 304 - - 39.793 ms
GET /api/v1/lead/csr/696b763c7a29c07b75792cf7 304 - - 10.052 ms
GET /api/v1/dashboard/csr-stats?filter=day 304 - - 67.415 ms
GET /api/v1/dashboard/csr-stats?filter=day 304 - - 44.808 ms
POST /api/v1/auth/register 401 37 - 55.633 ms
GET /api/v1/dashboard/admin-stats?filter=day 403 39 - 1.993 ms
GET /api/v1/lead/get-all-leads 403 39 - 1.685 ms
POST /api/v1/auth/login 200 401 - 99.201 ms
GET /api/v1/lead/get-all-leads 200 1726 - 14.127 ms
GET /api/v1/lead/get-all-leads 304 - - 9.168 ms
GET /api/v1/dashboard/admin-stats?filter=day 200 513 - 79.454 ms
GET /api/v1/dashboard/admin-stats?filter=day 304 - - 131.115 ms
POST /api/v1/auth/register 201 50 - 214.290 ms
GET /api/v1/lead/get-all-leads 304 - - 14.800 ms
GET /api/v1/dashboard/admin-stats?filter=day 200 616 - 86.435 ms
POST /api/v1/auth/login 401 29 - 104.983 ms
POST /api/v1/auth/login 401 29 - 110.540 ms
POST /api/v1/auth/login 401 29 - 114.265 ms
POST /api/v1/auth/login 401 29 - 99.495 ms
POST /api/v1/auth/login 401 29 - 103.189 ms
POST /api/v1/auth/login 401 29 - 92.299 ms
POST /api/v1/auth/login 401 29 - 98.968 ms
POST /api/v1/auth/login 401 29 - 91.420 ms
POST /api/v1/auth/login 401 29 - 90.911 ms
POST /api/v1/auth/login 401 29 - 90.336 ms
POST /api/v1/auth/login 401 29 - 96.931 ms
POST /api/v1/auth/register 201 50 - 181.057 ms
GET /api/v1/lead/get-all-leads 304 - - 11.184 ms
GET /api/v1/dashboard/admin-stats?filter=day 200 719 - 62.049 ms
POST /api/v1/auth/login 401 29 - 96.470 ms
POST /api/v1/auth/login 200 376 - 82.569 ms
GET /api/v1/lead/csr/696b763c7a29c07b75792cf7 304 - - 24.869 ms
GET /api/v1/lead/csr/696b763c7a29c07b75792cf7 304 - - 45.093 ms
GET /api/v1/dashboard/csr-stats?filter=day 304 - - 82.484 ms
GET /api/v1/dashboard/csr-stats?filter=day 304 - - 67.002 ms
POST /api/v1/auth/register 401 37 - 131.961 ms
POST /api/v1/auth/register 401 37 - 15.831 ms
GET /api/v1/dashboard/admin-stats?filter=day 403 39 - 3.137 ms
GET /api/v1/lead/get-all-leads 403 39 - 2.080 ms
POST /api/v1/auth/login 200 401 - 289.529 ms
GET /api/v1/lead/get-all-leads 200 1726 - 29.483 ms
GET /api/v1/lead/get-all-leads 304 - - 15.284 ms
GET /api/v1/dashboard/admin-stats?filter=day 200 298 - 84.885 ms
GET /api/v1/dashboard/admin-stats?filter=day 304 - - 163.405 ms
POST /api/v1/auth/register 201 50 - 148.975 ms
GET /api/v1/lead/get-all-leads 304 - - 11.723 ms
GET /api/v1/dashboard/admin-stats?filter=day 200 401 - 59.982 ms
POST /api/v1/auth/login 200 366 - 204.250 ms
GET /api/v1/lead/csr/696d897df1192ed222294714 200 36 - 10.319 ms
GET /api/v1/lead/csr/696d897df1192ed222294714 304 - - 54.983 ms
GET /api/v1/dashboard/csr-stats?filter=day 200 152 - 108.904 ms
GET /api/v1/dashboard/csr-stats?filter=day 304 - - 65.693 ms
POST /api/v1/lead/create-leads 201 423 - 38.350 ms
GET /api/v1/lead/csr/696d897df1192ed222294714 200 435 - 12.893 ms
GET /api/v1/dashboard/csr-stats?filter=day 200 155 - 24.693 ms
POST /api/v1/lead/convert-to-sale/696d89acf1192ed222294739 201 264 - 67.312 ms
GET /api/v1/lead/csr/696d897df1192ed222294714 200 441 - 15.426 ms
GET /api/v1/dashboard/csr-stats?filter=day 200 157 - 36.718 ms
POST /api/v1/auth/login 401 29 - 247.504 ms
POST /api/v1/auth/login 200 401 - 211.245 ms
GET /api/v1/lead/get-all-leads 200 2132 - 83.952 ms
GET /api/v1/lead/get-all-leads 304 - - 28.826 ms
GET /api/v1/dashboard/admin-stats?filter=day 200 406 - 181.962 ms
GET /api/v1/dashboard/admin-stats?filter=day 304 - - 73.148 ms
GET /api/v1/lead/get-all-leads 304 - - 38.237 ms
GET /api/v1/dashboard/admin-stats?filter=day 304 - - 109.344 ms
POST /api/v1/auth/login 200 401 - 130.641 ms
GET /api/v1/lead/get-all-leads 200 2503 - 30.235 ms
GET /api/v1/lead/get-all-leads 304 - - 14.632 ms
GET /api/v1/dashboard/admin-stats?filter=day 200 612 - 115.515 ms
GET /api/v1/dashboard/admin-stats?filter=day 304 - - 66.300 ms
POST /api/v1/auth/login 200 376 - 92.472 ms
GET /api/v1/lead/csr/696b763c7a29c07b75792cf7 304 - - 16.272 ms
GET /api/v1/dashboard/csr-stats?filter=day 304 - - 52.892 ms
PATCH /api/v1/lead/update-leads/696f464dfa844edccb0251a3 200 394 - 45.552 ms
GET /api/v1/lead/csr/696b763c7a29c07b75792cf7 200 1540 - 22.979 ms
GET /api/v1/dashboard/csr-stats?filter=day 304 - - 35.801 ms
GET /api/v1/lead/csr/696b763c7a29c07b75792cf7 304 - - 50.549 ms
GET /api/v1/dashboard/csr-stats?filter=day 304 - - 64.473 ms
GET /api/v1/lead/csr/696b763c7a29c07b75792cf7 304 - - 12.233 ms
GET /api/v1/dashboard/csr-stats?filter=day 304 - - 45.605 ms
GET /api/v1/lead/csr/696b763c7a29c07b75792cf7 304 - - 24.918 ms
GET /api/v1/dashboard/csr-stats?filter=day 304 - - 124.356 ms
GET /api/v1/lead/csr/696b763c7a29c07b75792cf7 304 - - 17.901 ms
GET /api/v1/dashboard/csr-stats?filter=day 304 - - 57.466 ms
POST /api/v1/lead/upload-excel-array 500 49 - 5.180 ms
POST /api/v1/lead/upload-excel-array 500 49 - 23.191 ms
GET /api/v1/lead/csr/696b763c7a29c07b75792cf7 304 - - 28.514 ms
GET /api/v1/dashboard/csr-stats?filter=day 304 - - 111.384 ms
POST /api/v1/lead/upload-excel-array 500 49 - 4.760 ms
POST /api/v1/lead/upload-excel-array 500 49 - 3.658 ms
POST /api/v1/lead/upload-excel-array 500 49 - 12.473 ms
POST /api/v1/lead/upload-excel-array 500 49 - 9.880 ms
GET /api/v1/lead/csr/696b763c7a29c07b75792cf7 304 - - 154.071 ms
GET /api/v1/dashboard/csr-stats?filter=day 304 - - 1347.526 ms
POST /api/v1/lead/upload-excel-array 500 49 - 9.620 ms
POST /api/v1/lead/upload-excel-array 500 49 - 18.836 ms
GET /api/v1/lead/csr/696b763c7a29c07b75792cf7 304 - - 354.566 ms
GET /api/v1/dashboard/csr-stats?filter=day 304 - - 1114.707 ms
POST /api/v1/lead/upload-excel-array 500 49 - 15.122 ms
GET /api/v1/lead/csr/696b763c7a29c07b75792cf7 304 - - 215.751 ms
GET /api/v1/dashboard/csr-stats?filter=day 304 - - 1196.647 ms
POST /api/v1/lead/upload-excel-array 500 49 - 6.523 ms
GET /api/v1/lead/csr/696b763c7a29c07b75792cf7 304 - - 235.425 ms
GET /api/v1/dashboard/csr-stats?filter=day 304 - - 1191.577 ms
POST /api/v1/lead/upload-excel-array 401 54 - 0.565 ms
GET /api/v1/lead/csr/696b763c7a29c07b75792cf7 304 - - 225.499 ms
GET /api/v1/dashboard/csr-stats?filter=day 304 - - 901.158 ms
POST /api/v1/lead/upload-excel-array 400 53 - 4.599 ms
POST /api/v1/auth/login 200 376 - 111.762 ms
GET /api/v1/lead/csr/696b763c7a29c07b75792cf7 304 - - 43.493 ms
GET /api/v1/lead/csr/696b763c7a29c07b75792cf7 304 - - 12.502 ms
GET /api/v1/dashboard/csr-stats?filter=day 304 - - 55.531 ms
GET /api/v1/dashboard/csr-stats?filter=day 304 - - 34.020 ms
POST /api/v1/lead/upload-excel-array 400 53 - 5.564 ms
POST /api/v1/lead/upload-excel-array 400 53 - 1.925 ms
POST /api/v1/auth/login 200 376 - 418.125 ms
GET /api/v1/lead/csr/696b763c7a29c07b75792cf7 304 - - 59.662 ms
GET /api/v1/lead/csr/696b763c7a29c07b75792cf7 304 - - 28.821 ms
GET /api/v1/dashboard/csr-stats?filter=day 304 - - 144.155 ms
GET /api/v1/dashboard/csr-stats?filter=day 304 - - 588.361 ms
POST /api/v1/lead/upload-excel-array 400 53 - 5.289 ms
GET /api/v1/lead/csr/696b763c7a29c07b75792cf7 304 - - 69.488 ms
GET /api/v1/dashboard/csr-stats?filter=day 304 - - 1001.654 ms
POST /api/v1/lead/upload-excel-array 400 53 - 10.621 ms
POST /api/v1/lead/upload-excel-array 400 53 - 9.010 ms
POST /api/v1/lead/upload-excel-array 400 53 - 1.999 ms
POST /api/v1/lead/upload-excel-array 400 53 - 10.421 ms
GET /api/v1/lead/csr/696b763c7a29c07b75792cf7 304 - - 368.513 ms
GET /api/v1/dashboard/csr-stats?filter=day 304 - - 2185.775 ms
POST /api/v1/lead/upload-excel-array 400 53 - 6.489 ms
GET /api/v1/lead/csr/696b763c7a29c07b75792cf7 304 - - 358.104 ms
GET /api/v1/dashboard/csr-stats?filter=day 304 - - 808.731 ms
POST /api/v1/lead/upload-excel-array 400 53 - 1.754 ms
GET /api/v1/lead/csr/696b763c7a29c07b75792cf7 304 - - 94.326 ms
GET /api/v1/dashboard/csr-stats?filter=day 304 - - 1181.455 ms
POST /api/v1/auth/login 200 401 - 357.784 ms
GET /api/v1/lead/get-all-leads 200 2503 - 55.637 ms
GET /api/v1/lead/get-all-leads 304 - - 25.728 ms
GET /api/v1/dashboard/admin-stats?filter=day 304 - - 324.000 ms
GET /api/v1/dashboard/admin-stats?filter=day 304 - - 197.483 ms
POST /api/v1/auth/login 200 376 - 212.097 ms
GET /api/v1/lead/csr/696b763c7a29c07b75792cf7 304 - - 393.206 ms
GET /api/v1/lead/csr/696b763c7a29c07b75792cf7 304 - - 167.935 ms
GET /api/v1/dashboard/csr-stats?filter=day 304 - - 941.623 ms
GET /api/v1/dashboard/csr-stats?filter=day 304 - - 472.732 ms
POST /api/v1/lead/upload-excel-array 400 53 - 1.716 ms
POST /api/v1/lead/upload-excel-array 500 49 - 13.004 ms
GET /api/v1/lead/csr/696b763c7a29c07b75792cf7 304 - - 526.419 ms
GET /api/v1/dashboard/csr-stats?filter=day 304 - - 1619.302 ms
POST /api/v1/lead/upload-excel-array 500 49 - 50.099 ms
GET /api/v1/lead/csr/696b763c7a29c07b75792cf7 304 - - 419.184 ms
GET /api/v1/dashboard/csr-stats?filter=day 304 - - 1434.905 ms
GET /api/v1/lead/csr/696b763c7a29c07b75792cf7 304 - - 730.434 ms
GET /api/v1/dashboard/csr-stats?filter=day 304 - - 1873.355 ms
POST /api/v1/auth/login 200 376 - 490.426 ms
GET /api/v1/lead/csr/696b763c7a29c07b75792cf7 304 - - 502.708 ms
GET /api/v1/lead/csr/696b763c7a29c07b75792cf7 304 - - 100.151 ms
GET /api/v1/dashboard/csr-stats?filter=day 304 - - 1712.707 ms
GET /api/v1/dashboard/csr-stats?filter=day 304 - - 349.163 ms
POST /api/v1/lead/upload-excel-array 500 49 - 91.306 ms
GET /api/v1/lead/csr/696b763c7a29c07b75792cf7 304 - - 121.641 ms
GET /api/v1/dashboard/csr-stats?filter=day 304 - - 103.058 ms
GET /api/v1/lead/csr/696b763c7a29c07b75792cf7 304 - - 10.330 ms
GET /api/v1/dashboard/csr-stats?filter=day 304 - - 30.139 ms
GET /api/v1/lead/csr/696b763c7a29c07b75792cf7 304 - - 46.514 ms
GET /api/v1/dashboard/csr-stats?filter=day 304 - - 113.926 ms
POST /api/v1/lead/upload-excel-array 500 49 - 29.586 ms
GET /api/v1/lead/csr/696b763c7a29c07b75792cf7 304 - - 953.998 ms
GET /api/v1/dashboard/csr-stats?filter=day 304 - - 2803.759 ms
POST /api/v1/lead/upload-excel-array 500 49 - 267.624 ms
POST /api/v1/lead/upload-excel-array 500 49 - 29.060 ms
POST /api/v1/lead/upload-excel-array 500 49 - 22.360 ms
POST /api/v1/lead/upload-excel-array 201 68 - 22.839 ms
GET /api/v1/lead/csr/696b763c7a29c07b75792cf7 304 - - 47.080 ms
GET /api/v1/dashboard/csr-stats?filter=day 304 - - 70.964 ms
GET /api/v1/lead/csr/696b763c7a29c07b75792cf7 304 - - 23.438 ms
GET /api/v1/dashboard/csr-stats?filter=day 304 - - 60.677 ms
POST /api/v1/lead/upload-excel-array 201 68 - 11.492 ms
GET /api/v1/lead/csr/696b763c7a29c07b75792cf7 304 - - 58.640 ms
GET /api/v1/dashboard/csr-stats?filter=day 304 - - 59.552 ms
GET /api/v1/dashboard/admin-stats?filter=day 403 39 - 3.331 ms
GET /api/v1/lead/get-all-leads 403 39 - 4.383 ms
POST /api/v1/lead/upload-excel-array 201 68 - 27.617 ms
GET /api/v1/lead/csr/696b763c7a29c07b75792cf7 304 - - 48.225 ms
GET /api/v1/dashboard/csr-stats?filter=day 304 - - 114.594 ms
POST /api/v1/lead/upload-excel-array 400 97 - 235.944 ms
POST /api/v1/lead/upload-excel-array 400 97 - 142.392 ms
POST /api/v1/lead/upload-excel-array 400 97 - 146.118 ms
POST /api/v1/lead/upload-excel-array 401 47 - 17.910 ms
POST /api/v1/lead/login 404 20 - 8.063 ms
POST /api/v1/login 404 20 - 1.718 ms
POST /api/v1/login 404 20 - 1.892 ms
POST /api/v1/auth/login 200 376 - 1502.096 ms
POST /api/v1/lead/upload-excel-array 400 97 - 221.047 ms
POST /api/v1/lead/upload-excel-array 201 1322 - 40.583 ms
GET /api/v1/lead/get-leads 200 3041 - 52.038 ms
GET /api/v1/lead/csr/696b763c7a29c07b75792cf7 200 3041 - 132.621 ms
GET /api/v1/dashboard/csr-stats?filter=day 200 156 - 185.257 ms
DELETE /api/v1/lead/delete-leads/696fadf428bf5289e9b676a9 200 54 - 24.134 ms
GET /api/v1/lead/csr/696b763c7a29c07b75792cf7 200 2668 - 20.963 ms
GET /api/v1/dashboard/csr-stats?filter=day 200 156 - 46.901 ms
DELETE /api/v1/lead/delete-leads/696fadf428bf5289e9b676aa 200 54 - 13.994 ms
GET /api/v1/lead/csr/696b763c7a29c07b75792cf7 200 2289 - 23.923 ms
GET /api/v1/dashboard/csr-stats?filter=day 200 156 - 54.377 ms
DELETE /api/v1/lead/delete-leads/696fadf428bf5289e9b676a8 200 54 - 20.925 ms
GET /api/v1/lead/csr/696b763c7a29c07b75792cf7 200 1916 - 12.202 ms
GET /api/v1/dashboard/csr-stats?filter=day 200 156 - 45.278 ms
DELETE /api/v1/lead/delete-leads/696fadf428bf5289e9b676a7 200 54 - 4.727 ms
GET /api/v1/lead/csr/696b763c7a29c07b75792cf7 200 1540 - 16.986 ms
GET /api/v1/dashboard/csr-stats?filter=day 200 156 - 34.950 ms
POST /api/v1/lead/upload-excel-array 400 97 - 41.832 ms
POST /api/v1/lead/upload-excel-array 400 97 - 45.684 ms
POST /api/v1/lead/upload-excel-array 400 97 - 97.945 ms
GET /api/v1/lead/csr/696b763c7a29c07b75792cf7 304 - - 91.084 ms
GET /api/v1/dashboard/csr-stats?filter=day 304 - - 463.279 ms
POST /api/v1/lead/upload-excel-array 400 97 - 102.580 ms
POST /api/v1/lead/upload-excel-array 400 97 - 43.160 ms
GET /api/v1/lead/csr/696b763c7a29c07b75792cf7 304 - - 132.290 ms
GET /api/v1/dashboard/csr-stats?filter=day 304 - - 750.096 ms
POST /api/v1/auth/login 200 376 - 129.252 ms
GET /api/v1/lead/csr/696b763c7a29c07b75792cf7 304 - - 53.340 ms
GET /api/v1/lead/csr/696b763c7a29c07b75792cf7 304 - - 124.892 ms
GET /api/v1/dashboard/csr-stats?filter=day 304 - - 1453.961 ms
GET /api/v1/dashboard/csr-stats?filter=day 304 - - 284.926 ms
POST /api/v1/auth/login 200 376 - 96.684 ms
GET /api/v1/lead/csr/696b763c7a29c07b75792cf7 304 - - 123.085 ms
GET /api/v1/lead/csr/696b763c7a29c07b75792cf7 304 - - 44.933 ms
GET /api/v1/dashboard/csr-stats?filter=day 304 - - 200.602 ms
GET /api/v1/dashboard/csr-stats?filter=day 304 - - 64.172 ms
POST /api/v1/lead/upload-excel-array 400 97 - 56.875 ms
POST /api/v1/auth/login 200 376 - 98.096 ms
GET /api/v1/lead/csr/696b763c7a29c07b75792cf7 304 - - 181.858 ms
GET /api/v1/lead/csr/696b763c7a29c07b75792cf7 304 - - 16.377 ms
GET /api/v1/dashboard/csr-stats?filter=day 304 - - 611.279 ms
GET /api/v1/dashboard/csr-stats?filter=day 304 - - 292.876 ms
POST /api/v1/lead/upload-excel-array 400 97 - 102.901 ms
POST /api/v1/lead/upload-excel-array 400 97 - 106.191 ms
POST /api/v1/lead/upload-excel-array 400 97 - 170.082 ms
GET /api/v1/lead/csr/696b763c7a29c07b75792cf7 304 - - 212.152 ms
GET /api/v1/dashboard/csr-stats?filter=day 304 - - 978.623 ms
GET /api/v1/lead/csr/696b763c7a29c07b75792cf7 304 - - 319.123 ms
GET /api/v1/dashboard/csr-stats?filter=day 304 - - 898.621 ms
POST /api/v1/lead/upload-excel-array 400 97 - 383.566 ms
GET /api/v1/lead/csr/696b763c7a29c07b75792cf7 304 - - 216.878 ms
GET /api/v1/dashboard/csr-stats?filter=day 304 - - 900.195 ms
POST /api/v1/lead/upload-excel-array 201 1333 - 109.116 ms
GET /api/v1/lead/csr/696b763c7a29c07b75792cf7 200 3052 - 20.558 ms
GET /api/v1/dashboard/csr-stats?filter=day 200 156 - 49.624 ms
POST /api/v1/auth/login 200 376 - 149.449 ms
GET /api/v1/lead/csr/696b763c7a29c07b75792cf7 304 - - 26.675 ms
GET /api/v1/lead/csr/696b763c7a29c07b75792cf7 304 - - 16.401 ms
GET /api/v1/dashboard/csr-stats?filter=day 304 - - 199.889 ms
GET /api/v1/dashboard/csr-stats?filter=day 304 - - 181.536 ms
PATCH /api/v1/lead/update-leads/696fb837f1bdac8cfd59124c 200 404 - 27.101 ms
GET /api/v1/lead/csr/696b763c7a29c07b75792cf7 200 3055 - 14.666 ms
GET /api/v1/dashboard/csr-stats?filter=day 304 - - 26.499 ms
GET /api/v1/lead/csr/696b763c7a29c07b75792cf7 304 - - 13.239 ms
GET /api/v1/dashboard/csr-stats?filter=week 200 156 - 30.309 ms
